[12:50:09] [ServerMain/INFO]: Environment: Environment[sessionHost=https://sessionserver.mojang.com, servicesHost=https://api.minecraftservices.com, name=PROD]
[12:50:12] [ServerMain/INFO]: Loaded 7 recipes
[12:50:12] [ServerMain/INFO]: Loaded 1271 advancements
[12:50:13] [Server thread/INFO]: Starting minecraft server version 1.20.4
[12:50:13] [Server thread/INFO]: Loading properties
[12:50:13] [Server thread/INFO]: Default game type: SURVIVAL
[12:50:13] [Server thread/INFO]: Generating keypair
[12:50:13] [Server thread/INFO]: Starting Minecraft server on *:25565
[12:50:13] [Server thread/INFO]: Using epoll channel type
[12:50:13] [Server thread/WARN]: **** SERVER IS RUNNING IN OFFLINE/INSECURE MODE!
[12:50:13] [Server thread/WARN]: The server will make no attempt to authenticate usernames. Beware.
[12:50:13] [Server thread/WARN]: While this makes the game possible to play without internet access, it also opens up the ability for hackers to connect with any username they choose.
[12:50:13] [Server thread/WARN]: To change this, set "online-mode" to "true" in the server.properties file.
[12:50:13] [Server thread/INFO]: Preparing level "Minecrift"
[12:50:23] [Server thread/INFO]: Preparing start region for dimension minecraft:overworld
[12:50:24] [Worker-Main-3/INFO]: Preparing spawn area: 0%
[12:50:24] [Worker-Main-2/INFO]: Preparing spawn area: 0%
[12:50:24] [Worker-Main-3/INFO]: Preparing spawn area: 0%
[12:50:25] [Worker-Main-1/INFO]: Preparing spawn area: 0%
[12:50:25] [Worker-Main-3/INFO]: Preparing spawn area: 0%
[12:50:26] [Worker-Main-2/INFO]: Preparing spawn area: 0%
[12:50:26] [Worker-Main-1/INFO]: Preparing spawn area: 0%
[12:50:27] [Worker-Main-2/INFO]: Preparing spawn area: 1%
[12:50:27] [Worker-Main-2/INFO]: Preparing spawn area: 1%
[12:50:28] [Worker-Main-3/INFO]: Preparing spawn area: 1%
[12:50:28] [Worker-Main-3/INFO]: Preparing spawn area: 2%
[12:50:29] [Worker-Main-2/INFO]: Preparing spawn area: 2%
[12:50:29] [Worker-Main-2/INFO]: Preparing spawn area: 3%
[12:50:30] [Worker-Main-2/INFO]: Preparing spawn area: 3%
[12:50:30] [Worker-Main-1/INFO]: Preparing spawn area: 3%
[12:50:31] [Worker-Main-3/INFO]: Preparing spawn area: 4%
[12:50:31] [Worker-Main-3/INFO]: Preparing spawn area: 5%
[12:50:32] [Worker-Main-3/INFO]: Preparing spawn area: 5%
[12:50:32] [Worker-Main-1/INFO]: Preparing spawn area: 6%
[12:50:33] [Worker-Main-2/INFO]: Preparing spawn area: 6%
[12:50:33] [Worker-Main-3/INFO]: Preparing spawn area: 7%
[12:50:34] [Worker-Main-1/INFO]: Preparing spawn area: 8%
[12:50:34] [Worker-Main-2/INFO]: Preparing spawn area: 9%
[12:50:35] [Worker-Main-3/INFO]: Preparing spawn area: 9%
[12:50:35] [Worker-Main-1/INFO]: Preparing spawn area: 10%
[12:50:36] [Worker-Main-1/INFO]: Preparing spawn area: 11%
[12:50:36] [Worker-Main-3/INFO]: Preparing spawn area: 12%
[12:50:37] [Worker-Main-3/INFO]: Preparing spawn area: 12%
[12:50:37] [Worker-Main-1/INFO]: Preparing spawn area: 14%
[12:50:38] [Worker-Main-3/INFO]: Preparing spawn area: 15%
[12:50:38] [Worker-Main-1/INFO]: Preparing spawn area: 15%
[12:50:39] [Worker-Main-2/INFO]: Preparing spawn area: 16%
[12:50:39] [Worker-Main-1/INFO]: Preparing spawn area: 17%
[12:50:40] [Worker-Main-2/INFO]: Preparing spawn area: 19%
[12:50:40] [Worker-Main-2/INFO]: Preparing spawn area: 20%
[12:50:41] [Worker-Main-3/INFO]: Preparing spawn area: 22%
[12:50:41] [Worker-Main-1/INFO]: Preparing spawn area: 23%
[12:50:42] [Worker-Main-1/INFO]: Preparing spawn area: 24%
[12:50:42] [Worker-Main-2/INFO]: Preparing spawn area: 25%
[12:50:43] [Worker-Main-3/INFO]: Preparing spawn area: 27%
[12:50:43] [Worker-Main-2/INFO]: Preparing spawn area: 28%
[12:50:44] [Worker-Main-1/INFO]: Preparing spawn area: 30%
[12:50:44] [Worker-Main-1/INFO]: Preparing spawn area: 31%
[12:50:45] [Worker-Main-3/INFO]: Preparing spawn area: 32%
[12:50:45] [Worker-Main-2/INFO]: Preparing spawn area: 33%
[12:50:46] [Worker-Main-1/INFO]: Preparing spawn area: 34%
[12:50:46] [Worker-Main-2/INFO]: Preparing spawn area: 36%
[12:50:47] [Worker-Main-3/INFO]: Preparing spawn area: 37%
[12:50:47] [Worker-Main-2/INFO]: Preparing spawn area: 39%
[12:50:48] [Worker-Main-3/INFO]: Preparing spawn area: 40%
[12:50:48] [Worker-Main-2/INFO]: Preparing spawn area: 42%
[12:50:49] [Worker-Main-3/INFO]: Preparing spawn area: 43%
[12:50:49] [Worker-Main-1/INFO]: Preparing spawn area: 44%
[12:50:50] [Worker-Main-1/INFO]: Preparing spawn area: 46%
[12:50:50] [Worker-Main-2/INFO]: Preparing spawn area: 47%
[12:50:51] [Worker-Main-1/INFO]: Preparing spawn area: 49%
[12:50:51] [Worker-Main-1/INFO]: Preparing spawn area: 51%
[12:50:52] [Worker-Main-2/INFO]: Preparing spawn area: 53%
[12:50:52] [Worker-Main-1/INFO]: Preparing spawn area: 54%
[12:50:53] [Worker-Main-1/INFO]: Preparing spawn area: 56%
[12:50:53] [Worker-Main-1/INFO]: Preparing spawn area: 56%
[12:50:54] [Worker-Main-3/INFO]: Preparing spawn area: 58%
[12:50:54] [Worker-Main-1/INFO]: Preparing spawn area: 59%
[12:50:55] [Worker-Main-3/INFO]: Preparing spawn area: 61%
[12:50:55] [Worker-Main-1/INFO]: Preparing spawn area: 62%
[12:50:56] [Worker-Main-2/INFO]: Preparing spawn area: 64%
[12:50:56] [Worker-Main-3/INFO]: Preparing spawn area: 66%
[12:50:57] [Worker-Main-1/INFO]: Preparing spawn area: 68%
[12:50:57] [Worker-Main-2/INFO]: Preparing spawn area: 68%
[12:50:58] [Worker-Main-1/INFO]: Preparing spawn area: 69%
[12:50:58] [Worker-Main-2/INFO]: Preparing spawn area: 70%
[12:50:59] [Worker-Main-2/INFO]: Preparing spawn area: 72%
[12:50:59] [Worker-Main-2/INFO]: Preparing spawn area: 74%
[12:51:00] [Worker-Main-2/INFO]: Preparing spawn area: 75%
[12:51:00] [Worker-Main-1/INFO]: Preparing spawn area: 77%
[12:51:01] [Worker-Main-1/INFO]: Preparing spawn area: 78%
[12:51:01] [Worker-Main-3/INFO]: Preparing spawn area: 80%
[12:51:02] [Worker-Main-3/INFO]: Preparing spawn area: 82%
[12:51:02] [Worker-Main-3/INFO]: Preparing spawn area: 83%
[12:51:03] [Worker-Main-2/INFO]: Preparing spawn area: 84%
[12:51:03] [Worker-Main-1/INFO]: Preparing spawn area: 85%
[12:51:05] [Worker-Main-2/INFO]: Preparing spawn area: 86%
[12:51:05] [Worker-Main-2/INFO]: Preparing spawn area: 86%
[12:51:05] [Worker-Main-2/INFO]: Preparing spawn area: 87%
[12:51:05] [Worker-Main-1/INFO]: Preparing spawn area: 87%
[12:51:06] [Worker-Main-3/INFO]: Preparing spawn area: 87%
[12:51:06] [Worker-Main-2/INFO]: Preparing spawn area: 89%
[12:51:07] [Worker-Main-3/INFO]: Preparing spawn area: 90%
[12:51:07] [Worker-Main-2/INFO]: Preparing spawn area: 92%
[12:51:08] [Worker-Main-1/INFO]: Preparing spawn area: 94%
[12:51:08] [Worker-Main-1/INFO]: Preparing spawn area: 96%
[12:51:09] [Worker-Main-2/INFO]: Preparing spawn area: 98%
[12:51:09] [Server thread/INFO]: Time elapsed: 45877 ms
[12:51:09] [Server thread/INFO]: Done (55.801s)! For help, type "help"
[12:53:12] [Server thread/INFO]: nate[/72.252.175.198:55374] logged in with entity id 227 at (-2.5, 112.0, -9.5)
[12:53:12] [Server thread/INFO]: nate joined the game
[13:05:00] [Server thread/INFO]: Samu[/72.252.175.198:52498] logged in with entity id 1861 at (-7.5, 126.0, 3.5)
[13:05:00] [Server thread/INFO]: Samu joined the game
[13:05:38] [Server thread/INFO]: [Samu: Gamerule keepInventory is now set to: true]
[13:05:44] [Server thread/WARN]: Mismatch in destroy block pos: hx{x=0, y=0, z=0} hx{x=29, y=103, z=27}
[13:05:44] [Server thread/WARN]: Mismatch in destroy block pos: hx{x=0, y=0, z=0} hx{x=29, y=103, z=28}
[13:05:44] [Server thread/WARN]: Mismatch in destroy block pos: hx{x=0, y=0, z=0} hx{x=29, y=103, z=27}
[13:06:00] [Server thread/WARN]: Mismatch in destroy block pos: hx{x=0, y=0, z=0} hx{x=11, y=93, z=47}
[13:06:02] [Server thread/WARN]: Mismatch in destroy block pos: hx{x=0, y=0, z=0} hx{x=6, y=94, z=44}
[13:06:02] [Server thread/WARN]: Mismatch in destroy block pos: hx{x=0, y=0, z=0} hx{x=6, y=94, z=44}
[13:06:05] [Server thread/WARN]: Mismatch in destroy block pos: hx{x=0, y=0, z=0} hx{x=8, y=93, z=45}
[13:06:06] [Server thread/WARN]: Mismatch in destroy block pos: hx{x=0, y=0, z=0} hx{x=7, y=94, z=44}
[13:06:06] [Server thread/WARN]: Mismatch in destroy block pos: hx{x=0, y=0, z=0} hx{x=7, y=94, z=44}
[13:06:06] [Server thread/WARN]: Mismatch in destroy block pos: hx{x=0, y=0, z=0} hx{x=8, y=94, z=44}
[13:06:06] [Server thread/WARN]: Mismatch in destroy block pos: hx{x=0, y=0, z=0} hx{x=9, y=94, z=45}
[13:06:08] [Server thread/WARN]: Mismatch in destroy block pos: hx{x=0, y=0, z=0} hx{x=13, y=94, z=46}
[13:06:08] [Server thread/WARN]: Mismatch in destroy block pos: hx{x=0, y=0, z=0} hx{x=14, y=94, z=46}
[13:06:10] [Server thread/INFO]: nate was slain by Spider
[13:07:17] [Server thread/INFO]: Samu has made the advancement [Stone Age]
[13:09:14] [Server thread/WARN]: nate moved too quickly! -6.253942741727492,10.0,-48.32784724039183
[13:09:37] [Server thread/WARN]: Mismatch in destroy block pos: hx{x=0, y=0, z=0} hx{x=-12, y=125, z=6}
[13:10:30] [Server thread/INFO]: Samu has made the advancement [Getting an Upgrade]
[13:10:35] [Server thread/WARN]: Mismatch in destroy block pos: hx{x=0, y=0, z=0} hx{x=-1, y=90, z=27}
[13:10:35] [Server thread/WARN]: Mismatch in destroy block pos: hx{x=0, y=0, z=0} hx{x=0, y=89, z=27}
[13:10:52] [Server thread/INFO]: simo[/192.168.0.2:52793] logged in with entity id 2802 at (6.5, 104.0, -4.5)
[13:10:52] [Server thread/INFO]: simo joined the game
[13:11:02] [Server thread/WARN]: Mismatch in destroy block pos: hx{x=0, y=0, z=0} hx{x=15, y=106, z=0}
[13:11:02] [Server thread/WARN]: Mismatch in destroy block pos: hx{x=0, y=0, z=0} hx{x=15, y=106, z=1}
[13:11:07] [Server thread/WARN]: Mismatch in destroy block pos: hx{x=0, y=0, z=0} hx{x=15, y=107, z=0}
[13:11:08] [Server thread/WARN]: Mismatch in destroy block pos: hx{x=0, y=0, z=0} hx{x=15, y=106, z=0}
[13:11:10] [Server thread/WARN]: Mismatch in destroy block pos: hx{x=0, y=0, z=0} hx{x=15, y=106, z=0}
[13:11:25] [Server thread/WARN]: Mismatch in destroy block pos: hx{x=0, y=0, z=0} hx{x=28, y=107, z=8}
[13:11:25] [Server thread/WARN]: Mismatch in destroy block pos: hx{x=0, y=0, z=0} hx{x=26, y=108, z=7}
[13:11:25] [Server thread/WARN]: Mismatch in destroy block pos: hx{x=0, y=0, z=0} hx{x=26, y=108, z=6}
[13:11:35] [Server thread/WARN]: Mismatch in destroy block pos: hx{x=0, y=0, z=0} hx{x=-2, y=93, z=20}
[13:11:35] [Server thread/WARN]: Mismatch in destroy block pos: hx{x=0, y=0, z=0} hx{x=-2, y=93, z=21}
[13:11:35] [Server thread/WARN]: Mismatch in destroy block pos: hx{x=0, y=0, z=0} hx{x=-1, y=92, z=21}
[13:11:37] [Server thread/WARN]: Mismatch in destroy block pos: hx{x=0, y=0, z=0} hx{x=-1, y=92, z=21}
[13:11:38] [Server thread/WARN]: Mismatch in destroy block pos: hx{x=0, y=0, z=0} hx{x=-1, y=90, z=23}
[13:11:38] [Server thread/WARN]: Mismatch in destroy block pos: hx{x=0, y=0, z=0} hx{x=-1, y=90, z=25}
[13:11:42] [Server thread/WARN]: Mismatch in destroy block pos: hx{x=0, y=0, z=0} hx{x=60, y=107, z=23}
[13:11:44] [Server thread/WARN]: Mismatch in destroy block pos: hx{x=0, y=0, z=0} hx{x=64, y=108, z=28}
[13:11:49] [Server thread/WARN]: Mismatch in destroy block pos: hx{x=0, y=0, z=0} hx{x=-2, y=93, z=20}
[13:11:50] [Server thread/WARN]: Mismatch in destroy block pos: hx{x=0, y=0, z=0} hx{x=-1, y=92, z=20}
[13:11:50] [Server thread/WARN]: Mismatch in destroy block pos: hx{x=0, y=0, z=0} hx{x=-1, y=92, z=21}
[13:11:56] [Server thread/WARN]: Mismatch in destroy block pos: hx{x=0, y=0, z=0} hx{x=85, y=123, z=57}
[13:11:56] [Server thread/WARN]: Mismatch in destroy block pos: hx{x=0, y=0, z=0} hx{x=85, y=124, z=57}
[13:11:56] [Server thread/WARN]: Mismatch in destroy block pos: hx{x=0, y=0, z=0} hx{x=84, y=125, z=57}
[13:11:56] [Server thread/WARN]: Mismatch in destroy block pos: hx{x=0, y=0, z=0} hx{x=85, y=124, z=57}
[13:11:59] [Server thread/WARN]: Mismatch in destroy block pos: hx{x=0, y=0, z=0} hx{x=85, y=123, z=57}
[13:12:00] [Server thread/WARN]: Mismatch in destroy block pos: hx{x=0, y=0, z=0} hx{x=85, y=124, z=57}
[13:12:02] [Server thread/WARN]: Mismatch in destroy block pos: hx{x=0, y=0, z=0} hx{x=85, y=123, z=57}
[13:12:02] [Server thread/WARN]: Mismatch in destroy block pos: hx{x=0, y=0, z=0} hx{x=85, y=122, z=57}
[13:12:03] [Server thread/INFO]: nate hit the ground too hard
[13:12:04] [Server thread/WARN]: Mismatch in destroy block pos: hx{x=0, y=0, z=0} hx{x=85, y=123, z=57}
[13:12:04] [Server thread/WARN]: nate moved too quickly! -9.199999988079071,32.0,-8.959245864802131
[13:12:04] [Server thread/WARN]: Mismatch in destroy block pos: hx{x=0, y=0, z=0} hx{x=85, y=124, z=57}
[13:12:05] [Server thread/WARN]: Mismatch in destroy block pos: hx{x=0, y=0, z=0} hx{x=85, y=123, z=57}
[13:12:05] [Server thread/WARN]: Mismatch in destroy block pos: hx{x=0, y=0, z=0} hx{x=85, y=124, z=57}
[13:12:16] [Server thread/INFO]: nate fell from a high place
[13:12:59] [Server thread/WARN]: Mismatch in destroy block pos: hx{x=0, y=0, z=0} hx{x=-5, y=100, z=28}
[13:13:05] [Server thread/INFO]: simo fell from a high place
[13:13:05] [Server thread/INFO]: nate fell from a high place
[13:13:06] [Server thread/INFO]: Samu has made the advancement [Acquire Hardware]
[13:13:20] [Server thread/WARN]: Mismatch in destroy block pos: hx{x=0, y=0, z=0} hx{x=14, y=105, z=0}
[13:13:20] [Server thread/WARN]: Mismatch in destroy block pos: hx{x=0, y=0, z=0} hx{x=15, y=105, z=-1}
[13:13:20] [Server thread/WARN]: Mismatch in destroy block pos: hx{x=0, y=0, z=0} hx{x=15, y=106, z=0}
[13:13:20] [Server thread/WARN]: Mismatch in destroy block pos: hx{x=0, y=0, z=0} hx{x=14, y=103, z=-1}
[13:13:21] [Server thread/WARN]: Mismatch in destroy block pos: hx{x=0, y=0, z=0} hx{x=14, y=103, z=-2}
[13:13:21] [Server thread/WARN]: Mismatch in destroy block pos: hx{x=0, y=0, z=0} hx{x=15, y=106, z=-1}
[13:13:21] [Server thread/WARN]: Mismatch in destroy block pos: hx{x=0, y=0, z=0} hx{x=15, y=106, z=0}
[13:13:22] [Server thread/WARN]: Mismatch in destroy block pos: hx{x=0, y=0, z=0} hx{x=16, y=107, z=0}
[13:13:22] [Server thread/WARN]: Mismatch in destroy block pos: hx{x=0, y=0, z=0} hx{x=14, y=108, z=2}
[13:13:22] [Server thread/WARN]: Mismatch in destroy block pos: hx{x=0, y=0, z=0} hx{x=15, y=108, z=2}
[13:13:22] [Server thread/WARN]: Mismatch in destroy block pos: hx{x=0, y=0, z=0} hx{x=16, y=106, z=0}
[13:13:22] [Server thread/WARN]: Mismatch in destroy block pos: hx{x=0, y=0, z=0} hx{x=16, y=105, z=0}
[13:13:26] [Server thread/WARN]: Mismatch in destroy block pos: hx{x=0, y=0, z=0} hx{x=14, y=107, z=6}
[13:13:26] [Server thread/WARN]: Mismatch in destroy block pos: hx{x=0, y=0, z=0} hx{x=14, y=108, z=6}
[13:13:26] [Server thread/WARN]: Mismatch in destroy block pos: hx{x=0, y=0, z=0} hx{x=14, y=107, z=6}
[13:13:26] [Server thread/WARN]: Mismatch in destroy block pos: hx{x=0, y=0, z=0} hx{x=13, y=107, z=6}
[13:13:26] [Server thread/WARN]: Mismatch in destroy block pos: hx{x=0, y=0, z=0} hx{x=14, y=107, z=6}
[13:13:26] [Server thread/WARN]: Mismatch in destroy block pos: hx{x=0, y=0, z=0} hx{x=14, y=106, z=6}
[13:13:27] [Server thread/WARN]: Mismatch in destroy block pos: hx{x=0, y=0, z=0} hx{x=15, y=106, z=6}
[13:13:27] [Server thread/WARN]: Mismatch in destroy block pos: hx{x=0, y=0, z=0} hx{x=15, y=107, z=6}
[13:13:27] [Server thread/WARN]: Mismatch in destroy block pos: hx{x=0, y=0, z=0} hx{x=16, y=106, z=5}
[13:13:28] [Server thread/WARN]: Mismatch in destroy block pos: hx{x=0, y=0, z=0} hx{x=17, y=104, z=6}
[13:13:29] [Server thread/WARN]: Mismatch in destroy block pos: hx{x=0, y=0, z=0} hx{x=15, y=106, z=6}
[13:13:29] [Server thread/WARN]: Mismatch in destroy block pos: hx{x=0, y=0, z=0} hx{x=16, y=107, z=5}
[13:13:29] [Server thread/WARN]: Mismatch in destroy block pos: hx{x=0, y=0, z=0} hx{x=17, y=107, z=2}
[13:13:30] [Server thread/WARN]: Mismatch in destroy block pos: hx{x=0, y=0, z=0} hx{x=18, y=104, z=7}
[13:13:31] [Server thread/WARN]: Mismatch in destroy block pos: hx{x=0, y=0, z=0} hx{x=18, y=104, z=7}
[13:13:36] [Server thread/WARN]: Mismatch in destroy block pos: hx{x=0, y=0, z=0} hx{x=17, y=105, z=15}
[13:13:36] [Server thread/WARN]: Mismatch in destroy block pos: hx{x=0, y=0, z=0} hx{x=23, y=104, z=14}
[13:13:36] [Server thread/WARN]: Mismatch in destroy block pos: hx{x=0, y=0, z=0} hx{x=25, y=104, z=12}
[13:13:36] [Server thread/WARN]: Mismatch in destroy block pos: hx{x=0, y=0, z=0} hx{x=18, y=104, z=13}
[13:13:36] [Server thread/WARN]: Mismatch in destroy block pos: hx{x=0, y=0, z=0} hx{x=18, y=104, z=14}
[13:13:38] [Server thread/WARN]: Mismatch in destroy block pos: hx{x=0, y=0, z=0} hx{x=24, y=105, z=15}
[13:13:41] [Server thread/WARN]: Mismatch in destroy block pos: hx{x=0, y=0, z=0} hx{x=20, y=103, z=8}
[13:13:41] [Server thread/WARN]: Mismatch in destroy block pos: hx{x=0, y=0, z=0} hx{x=20, y=103, z=8}
[13:13:41] [Server thread/WARN]: Mismatch in destroy block pos: hx{x=0, y=0, z=0} hx{x=17, y=104, z=9}
[13:13:41] [Server thread/WARN]: Mismatch in destroy block pos: hx{x=0, y=0, z=0} hx{x=22, y=103, z=10}
[13:13:41] [Server thread/WARN]: Mismatch in destroy block pos: hx{x=0, y=0, z=0} hx{x=21, y=103, z=9}
[13:13:44] [Server thread/WARN]: Mismatch in destroy block pos: hx{x=0, y=0, z=0} hx{x=17, y=104, z=6}
[13:13:45] [Server thread/WARN]: Mismatch in destroy block pos: hx{x=0, y=0, z=0} hx{x=17, y=104, z=8}
[13:13:46] [Server thread/WARN]: Mismatch in destroy block pos: hx{x=0, y=0, z=0} hx{x=16, y=105, z=11}
[13:13:46] [Server thread/WARN]: Mismatch in destroy block pos: hx{x=0, y=0, z=0} hx{x=15, y=105, z=9}
[13:13:46] [Server thread/WARN]: Mismatch in destroy block pos: hx{x=0, y=0, z=0} hx{x=15, y=105, z=8}
[13:13:47] [Server thread/WARN]: Mismatch in destroy block pos: hx{x=0, y=0, z=0} hx{x=15, y=105, z=9}
[13:13:47] [Server thread/WARN]: Mismatch in destroy block pos: hx{x=0, y=0, z=0} hx{x=15, y=105, z=9}
[13:13:47] [Server thread/WARN]: Mismatch in destroy block pos: hx{x=0, y=0, z=0} hx{x=15, y=105, z=10}
[13:13:47] [Server thread/WARN]: Mismatch in destroy block pos: hx{x=0, y=0, z=0} hx{x=16, y=105, z=11}
[13:13:49] [Server thread/WARN]: Mismatch in destroy block pos: hx{x=0, y=0, z=0} hx{x=17, y=104, z=8}
[13:13:49] [Server thread/WARN]: Mismatch in destroy block pos: hx{x=0, y=0, z=0} hx{x=17, y=104, z=8}
[13:13:49] [Server thread/WARN]: Mismatch in destroy block pos: hx{x=0, y=0, z=0} hx{x=18, y=104, z=7}
[13:13:57] [Server thread/INFO]: Samu has made the advancement [Isn't It Iron Pick]
[13:14:02] [Server thread/WARN]: Mismatch in destroy block pos: hx{x=0, y=0, z=0} hx{x=13, y=105, z=10}
[13:14:02] [Server thread/WARN]: Mismatch in destroy block pos: hx{x=0, y=0, z=0} hx{x=14, y=105, z=11}
[13:14:11] [Server thread/WARN]: Mismatch in destroy block pos: hx{x=0, y=0, z=0} hx{x=16, y=105, z=19}
[13:14:11] [Server thread/INFO]: nate was slain by simo
[13:14:19] [Server thread/WARN]: nate moved too quickly! -23.03997375673228,12.0,-20.013527501497865
[13:14:31] [Server thread/INFO]: [Not Secure] <Samu> no fighting
[13:14:38] [Server thread/INFO]: simo was slain by nate
[13:14:41] [Server thread/WARN]: Mismatch in destroy block pos: hx{x=0, y=0, z=0} hx{x=3, y=111, z=1}
[13:14:42] [Server thread/WARN]: Mismatch in destroy block pos: hx{x=0, y=0, z=0} hx{x=1, y=114, z=0}
[13:14:45] [Server thread/WARN]: Mismatch in destroy block pos: hx{x=0, y=0, z=0} hx{x=15, y=107, z=0}
[13:14:45] [Server thread/WARN]: Mismatch in destroy block pos: hx{x=0, y=0, z=0} hx{x=15, y=108, z=0}
[13:14:46] [Server thread/WARN]: Mismatch in destroy block pos: hx{x=0, y=0, z=0} hx{x=15, y=107, z=0}
[13:14:46] [Server thread/WARN]: Mismatch in destroy block pos: hx{x=0, y=0, z=0} hx{x=15, y=108, z=0}
[13:14:46] [Server thread/WARN]: Mismatch in destroy block pos: hx{x=0, y=0, z=0} hx{x=15, y=106, z=0}
[13:14:46] [Server thread/WARN]: Mismatch in destroy block pos: hx{x=0, y=0, z=0} hx{x=15, y=107, z=0}
[13:14:46] [Server thread/WARN]: Mismatch in destroy block pos: hx{x=0, y=0, z=0} hx{x=15, y=108, z=0}
[13:14:46] [Server thread/WARN]: Mismatch in destroy block pos: hx{x=0, y=0, z=0} hx{x=15, y=103, z=-3}
[13:14:47] [Server thread/WARN]: Mismatch in destroy block pos: hx{x=0, y=0, z=0} hx{x=15, y=108, z=-1}
[13:14:47] [Server thread/WARN]: Mismatch in destroy block pos: hx{x=0, y=0, z=0} hx{x=15, y=106, z=0}
[13:14:47] [Server thread/WARN]: Mismatch in destroy block pos: hx{x=0, y=0, z=0} hx{x=15, y=104, z=0}
[13:14:47] [Server thread/WARN]: Mismatch in destroy block pos: hx{x=0, y=0, z=0} hx{x=15, y=104, z=0}
[13:14:47] [Server thread/WARN]: Mismatch in destroy block pos: hx{x=0, y=0, z=0} hx{x=12, y=104, z=-1}
[13:14:47] [Server thread/WARN]: Mismatch in destroy block pos: hx{x=0, y=0, z=0} hx{x=13, y=103, z=-2}
[13:14:47] [Server thread/WARN]: Mismatch in destroy block pos: hx{x=0, y=0, z=0} hx{x=18, y=103, z=0}
[13:14:47] [Server thread/WARN]: Mismatch in destroy block pos: hx{x=0, y=0, z=0} hx{x=19, y=103, z=0}
[13:14:48] [Server thread/WARN]: Mismatch in destroy block pos: hx{x=0, y=0, z=0} hx{x=19, y=103, z=1}
[13:14:50] [Server thread/WARN]: Mismatch in destroy block pos: hx{x=0, y=0, z=0} hx{x=17, y=103, z=0}
[13:14:50] [Server thread/INFO]: [Not Secure] <Samu> thers a full jungle on the other side fo the mountain
[13:14:50] [Server thread/WARN]: Mismatch in destroy block pos: hx{x=0, y=0, z=0} hx{x=17, y=103, z=1}
[13:14:50] [Server thread/WARN]: Mismatch in destroy block pos: hx{x=0, y=0, z=0} hx{x=16, y=104, z=1}
[13:15:00] [Server thread/INFO]: [Not Secure] <simo> we camt break blocks
[13:15:15] [Server thread/WARN]: Mismatch in destroy block pos: hx{x=0, y=0, z=0} hx{x=44, y=110, z=6}
[13:15:16] [Server thread/WARN]: Mismatch in destroy block pos: hx{x=0, y=0, z=0} hx{x=47, y=110, z=7}
[13:15:20] [Server thread/WARN]: Mismatch in destroy block pos: hx{x=0, y=0, z=0} hx{x=47, y=111, z=8}
[13:15:20] [Server thread/WARN]: Mismatch in destroy block pos: hx{x=0, y=0, z=0} hx{x=46, y=110, z=8}
[13:15:21] [Server thread/WARN]: Mismatch in destroy block pos: hx{x=0, y=0, z=0} hx{x=47, y=111, z=8}
[13:15:22] [Server thread/WARN]: Mismatch in destroy block pos: hx{x=0, y=0, z=0} hx{x=47, y=111, z=8}
[13:15:36] [Server thread/INFO]: [Not Secure] <nate> i know
[13:15:44] [Server thread/INFO]: [Not Secure] <Samu> i said to use 1.20.4 optifine version
[13:15:50] [Server thread/INFO]: [Not Secure] <Samu> bring your laptop
[13:15:50] [Server thread/INFO]: [Not Secure] <simo> oh
[13:15:59] [Server thread/INFO]: simo lost connection: Disconnected
[13:15:59] [Server thread/INFO]: simo left the game
[13:16:21] [Server thread/INFO]: [Not Secure] <nate> i cant
[13:16:25] [Server thread/INFO]: nate lost connection: Disconnected
[13:16:25] [Server thread/INFO]: nate left the game
[13:19:19] [Server thread/INFO]: simo[/192.168.0.2:52965] logged in with entity id 5529 at (28.716246454539775, 106.0, -2.8001406612015978)
[13:19:19] [Server thread/INFO]: simo joined the game
[13:19:33] [Server thread/INFO]: nate[/192.168.0.16:55496] logged in with entity id 5753 at (29.114111891163862, 106.0, -1.7480956164595074)
[13:19:33] [Server thread/INFO]: nate joined the game
[13:19:49] [Server thread/WARN]: Mismatch in destroy block pos: hx{x=0, y=0, z=0} hx{x=27, y=105, z=-3}
[13:19:51] [Server thread/WARN]: Mismatch in destroy block pos: hx{x=0, y=0, z=0} hx{x=27, y=105, z=-3}
[13:19:51] [Server thread/WARN]: Mismatch in destroy block pos: hx{x=0, y=0, z=0} hx{x=26, y=105, z=-4}
[13:19:51] [Server thread/WARN]: Mismatch in destroy block pos: hx{x=0, y=0, z=0} hx{x=26, y=105, z=-4}
[13:19:51] [Server thread/WARN]: Mismatch in destroy block pos: hx{x=0, y=0, z=0} hx{x=26, y=105, z=-4}
[13:19:51] [Server thread/WARN]: Mismatch in destroy block pos: hx{x=0, y=0, z=0} hx{x=26, y=105, z=-4}
[13:19:51] [Server thread/WARN]: Mismatch in destroy block pos: hx{x=0, y=0, z=0} hx{x=26, y=105, z=-4}
[13:19:51] [Server thread/WARN]: Mismatch in destroy block pos: hx{x=0, y=0, z=0} hx{x=26, y=105, z=-4}
[13:19:51] [Server thread/WARN]: Mismatch in destroy block pos: hx{x=0, y=0, z=0} hx{x=26, y=105, z=-4}
[13:19:52] [Server thread/WARN]: Mismatch in destroy block pos: hx{x=0, y=0, z=0} hx{x=26, y=105, z=-4}
[13:19:54] [Server thread/WARN]: Mismatch in destroy block pos: hx{x=0, y=0, z=0} hx{x=28, y=105, z=-2}
[13:19:54] [Server thread/WARN]: Mismatch in destroy block pos: hx{x=0, y=0, z=0} hx{x=25, y=104, z=-2}
[13:19:54] [Server thread/WARN]: Mismatch in destroy block pos: hx{x=0, y=0, z=0} hx{x=26, y=104, z=-2}
[13:19:54] [Server thread/WARN]: Mismatch in destroy block pos: hx{x=0, y=0, z=0} hx{x=26, y=104, z=-2}
[13:19:54] [Server thread/WARN]: Mismatch in destroy block pos: hx{x=0, y=0, z=0} hx{x=26, y=104, z=-2}
[13:19:54] [Server thread/WARN]: Mismatch in destroy block pos: hx{x=0, y=0, z=0} hx{x=27, y=104, z=-2}
[13:19:54] [Server thread/WARN]: Mismatch in destroy block pos: hx{x=0, y=0, z=0} hx{x=27, y=104, z=-2}
[13:19:54] [Server thread/WARN]: Mismatch in destroy block pos: hx{x=0, y=0, z=0} hx{x=27, y=104, z=-2}
[13:19:54] [Server thread/WARN]: Mismatch in destroy block pos: hx{x=0, y=0, z=0} hx{x=27, y=104, z=-2}
[13:19:54] [Server thread/WARN]: Mismatch in destroy block pos: hx{x=0, y=0, z=0} hx{x=27, y=104, z=-2}
[13:19:54] [Server thread/WARN]: Mismatch in destroy block pos: hx{x=0, y=0, z=0} hx{x=27, y=104, z=-2}
[13:19:54] [Server thread/WARN]: Mismatch in destroy block pos: hx{x=0, y=0, z=0} hx{x=27, y=104, z=-2}
[13:19:54] [Server thread/WARN]: Mismatch in destroy block pos: hx{x=0, y=0, z=0} hx{x=27, y=104, z=-2}
[13:19:55] [Server thread/WARN]: Mismatch in destroy block pos: hx{x=0, y=0, z=0} hx{x=27, y=104, z=-2}
[13:19:55] [Server thread/WARN]: Mismatch in destroy block pos: hx{x=0, y=0, z=0} hx{x=27, y=104, z=-2}
[13:19:55] [Server thread/WARN]: Mismatch in destroy block pos: hx{x=0, y=0, z=0} hx{x=27, y=104, z=-2}
[13:19:55] [Server thread/WARN]: Mismatch in destroy block pos: hx{x=0, y=0, z=0} hx{x=27, y=104, z=-2}
[13:19:55] [Server thread/WARN]: Mismatch in destroy block pos: hx{x=0, y=0, z=0} hx{x=27, y=104, z=-2}
[13:19:55] [Server thread/WARN]: Mismatch in destroy block pos: hx{x=0, y=0, z=0} hx{x=27, y=104, z=-2}
[13:19:55] [Server thread/WARN]: Mismatch in destroy block pos: hx{x=0, y=0, z=0} hx{x=27, y=104, z=-2}
[13:19:55] [Server thread/WARN]: Mismatch in destroy block pos: hx{x=0, y=0, z=0} hx{x=27, y=104, z=-2}
[13:19:55] [Server thread/WARN]: Mismatch in destroy block pos: hx{x=0, y=0, z=0} hx{x=27, y=104, z=-2}
[13:19:55] [Server thread/WARN]: Mismatch in destroy block pos: hx{x=0, y=0, z=0} hx{x=27, y=104, z=-2}
[13:19:55] [Server thread/WARN]: Mismatch in destroy block pos: hx{x=0, y=0, z=0} hx{x=27, y=104, z=-2}
[13:19:55] [Server thread/WARN]: Mismatch in destroy block pos: hx{x=0, y=0, z=0} hx{x=27, y=104, z=-2}
[13:19:55] [Server thread/WARN]: Mismatch in destroy block pos: hx{x=0, y=0, z=0} hx{x=27, y=104, z=-2}
[13:19:55] [Server thread/WARN]: Mismatch in destroy block pos: hx{x=0, y=0, z=0} hx{x=27, y=104, z=-2}
[13:19:56] [Server thread/WARN]: Mismatch in destroy block pos: hx{x=0, y=0, z=0} hx{x=27, y=104, z=-2}
[13:19:56] [Server thread/WARN]: Mismatch in destroy block pos: hx{x=0, y=0, z=0} hx{x=27, y=104, z=-2}
[13:19:56] [Server thread/WARN]: Mismatch in destroy block pos: hx{x=0, y=0, z=0} hx{x=27, y=104, z=-2}
[13:19:56] [Server thread/WARN]: Mismatch in destroy block pos: hx{x=0, y=0, z=0} hx{x=27, y=104, z=-2}
[13:19:56] [Server thread/WARN]: Mismatch in destroy block pos: hx{x=0, y=0, z=0} hx{x=27, y=104, z=-2}
[13:19:56] [Server thread/WARN]: Mismatch in destroy block pos: hx{x=0, y=0, z=0} hx{x=27, y=104, z=-2}
[13:19:56] [Server thread/WARN]: Mismatch in destroy block pos: hx{x=0, y=0, z=0} hx{x=27, y=104, z=-2}
[13:19:56] [Server thread/WARN]: Mismatch in destroy block pos: hx{x=0, y=0, z=0} hx{x=27, y=104, z=-2}
[13:19:56] [Server thread/WARN]: Mismatch in destroy block pos: hx{x=0, y=0, z=0} hx{x=27, y=104, z=-2}
[13:19:56] [Server thread/WARN]: Mismatch in destroy block pos: hx{x=0, y=0, z=0} hx{x=27, y=104, z=-2}
[13:19:56] [Server thread/WARN]: Mismatch in destroy block pos: hx{x=0, y=0, z=0} hx{x=27, y=104, z=-2}
[13:19:56] [Server thread/WARN]: Mismatch in destroy block pos: hx{x=0, y=0, z=0} hx{x=27, y=104, z=-2}
[13:19:56] [Server thread/WARN]: Mismatch in destroy block pos: hx{x=0, y=0, z=0} hx{x=27, y=104, z=-2}
[13:19:56] [Server thread/WARN]: Mismatch in destroy block pos: hx{x=0, y=0, z=0} hx{x=27, y=104, z=-2}
[13:19:56] [Server thread/WARN]: Mismatch in destroy block pos: hx{x=0, y=0, z=0} hx{x=27, y=104, z=-2}
[13:19:56] [Server thread/WARN]: Mismatch in destroy block pos: hx{x=0, y=0, z=0} hx{x=27, y=104, z=-2}
[13:19:56] [Server thread/WARN]: Mismatch in destroy block pos: hx{x=0, y=0, z=0} hx{x=27, y=104, z=-2}
[13:19:56] [Server thread/WARN]: Mismatch in destroy block pos: hx{x=0, y=0, z=0} hx{x=27, y=104, z=-2}
[13:19:56] [Server thread/WARN]: Mismatch in destroy block pos: hx{x=0, y=0, z=0} hx{x=27, y=104, z=-2}
[13:19:57] [Server thread/WARN]: Mismatch in destroy block pos: hx{x=0, y=0, z=0} hx{x=26, y=105, z=-4}
[13:19:57] [Server thread/WARN]: Mismatch in destroy block pos: hx{x=0, y=0, z=0} hx{x=27, y=105, z=-3}
[13:19:57] [Server thread/WARN]: Mismatch in destroy block pos: hx{x=0, y=0, z=0} hx{x=28, y=105, z=-3}
[13:19:59] [Server thread/WARN]: Mismatch in destroy block pos: hx{x=0, y=0, z=0} hx{x=27, y=105, z=-4}
[13:19:59] [Server thread/WARN]: Mismatch in destroy block pos: hx{x=0, y=0, z=0} hx{x=28, y=105, z=-4}
[13:20:00] [Server thread/WARN]: Mismatch in destroy block pos: hx{x=0, y=0, z=0} hx{x=29, y=105, z=-4}
[13:20:00] [Server thread/WARN]: Mismatch in destroy block pos: hx{x=0, y=0, z=0} hx{x=30, y=104, z=-4}
[13:20:03] [Server thread/WARN]: Mismatch in destroy block pos: hx{x=0, y=0, z=0} hx{x=33, y=106, z=1}
[13:20:03] [Server thread/WARN]: Mismatch in destroy block pos: hx{x=0, y=0, z=0} hx{x=31, y=105, z=2}
[13:20:03] [Server thread/WARN]: Mismatch in destroy block pos: hx{x=0, y=0, z=0} hx{x=32, y=105, z=5}
[13:20:05] [Server thread/WARN]: Mismatch in destroy block pos: hx{x=0, y=0, z=0} hx{x=28, y=106, z=8}
[13:20:06] [Server thread/WARN]: Mismatch in destroy block pos: hx{x=0, y=0, z=0} hx{x=28, y=106, z=8}
[13:20:06] [Server thread/WARN]: Mismatch in destroy block pos: hx{x=0, y=0, z=0} hx{x=28, y=106, z=8}
[13:20:06] [Server thread/WARN]: Mismatch in destroy block pos: hx{x=0, y=0, z=0} hx{x=28, y=106, z=8}
[13:20:06] [Server thread/WARN]: Mismatch in destroy block pos: hx{x=0, y=0, z=0} hx{x=26, y=106, z=7}
[13:20:06] [Server thread/WARN]: Mismatch in destroy block pos: hx{x=0, y=0, z=0} hx{x=26, y=106, z=7}
[13:20:07] [Server thread/WARN]: Mismatch in destroy block pos: hx{x=0, y=0, z=0} hx{x=26, y=106, z=6}
[13:20:07] [Server thread/WARN]: Mismatch in destroy block pos: hx{x=0, y=0, z=0} hx{x=26, y=106, z=6}
[13:20:07] [Server thread/WARN]: Mismatch in destroy block pos: hx{x=0, y=0, z=0} hx{x=26, y=106, z=7}
[13:20:10] [Server thread/WARN]: Mismatch in destroy block pos: hx{x=0, y=0, z=0} hx{x=29, y=105, z=1}
[13:20:10] [Server thread/WARN]: Mismatch in destroy block pos: hx{x=0, y=0, z=0} hx{x=29, y=105, z=1}
[13:20:12] [Server thread/WARN]: Mismatch in destroy block pos: hx{x=0, y=0, z=0} hx{x=24, y=103, z=6}
[13:20:12] [Server thread/WARN]: Mismatch in destroy block pos: hx{x=0, y=0, z=0} hx{x=24, y=104, z=7}
[13:20:13] [Server thread/WARN]: Mismatch in destroy block pos: hx{x=0, y=0, z=0} hx{x=17, y=104, z=5}
[13:20:15] [Server thread/WARN]: Mismatch in destroy block pos: hx{x=0, y=0, z=0} hx{x=16, y=104, z=2}
[13:20:16] [Server thread/WARN]: Mismatch in destroy block pos: hx{x=0, y=0, z=0} hx{x=20, y=104, z=-3}
[13:20:25] [Server thread/WARN]: Mismatch in destroy block pos: hx{x=0, y=0, z=0} hx{x=16, y=105, z=13}
[13:20:31] [Server thread/WARN]: Mismatch in destroy block pos: hx{x=0, y=0, z=0} hx{x=25, y=104, z=9}
[13:20:32] [Server thread/WARN]: Mismatch in destroy block pos: hx{x=0, y=0, z=0} hx{x=24, y=104, z=8}
[13:20:32] [Server thread/WARN]: Mismatch in destroy block pos: hx{x=0, y=0, z=0} hx{x=24, y=104, z=7}
[13:20:32] [Server thread/WARN]: Mismatch in destroy block pos: hx{x=0, y=0, z=0} hx{x=21, y=103, z=9}
[13:20:32] [Server thread/WARN]: Mismatch in destroy block pos: hx{x=0, y=0, z=0} hx{x=21, y=103, z=9}
[13:20:34] [Server thread/INFO]: simo was slain by nate
[13:21:20] [Server thread/INFO]: nate was slain by simo
[13:21:21] [Server thread/WARN]: nate moved too quickly! -55.74156474199971,11.0,25.004526468529214
[13:22:27] [Server thread/INFO]: simo was doomed to fall by nate
[13:22:29] [Server thread/WARN]: simo moved too quickly! -41.55534930078777,95.0,-128.96768958368648
[13:22:29] [Server thread/WARN]: simo moved too quickly! -41.55534930078777,95.0,-128.96768958368648
[13:23:07] [Server thread/INFO]: nate was slain by simo
[13:23:08] [Server thread/WARN]: nate moved too quickly! -47.01273258099047,42.0,-134.10837551338307
[13:23:08] [Server thread/WARN]: nate moved too quickly! -47.01273258099047,42.0,-134.10837551338307
[13:23:11] [Server thread/INFO]: simo was doomed to fall by nate
[13:23:14] [Server thread/WARN]: Mismatch in destroy block pos: hx{x=0, y=0, z=0} hx{x=-1, y=116, z=-2}
[13:23:18] [Server thread/INFO]: [Not Secure] <Samu> can you mine?
[13:23:19] [Server thread/WARN]: Mismatch in destroy block pos: hx{x=0, y=0, z=0} hx{x=7, y=106, z=-1}
[13:23:20] [Server thread/WARN]: Mismatch in destroy block pos: hx{x=0, y=0, z=0} hx{x=9, y=106, z=1}
[13:23:21] [Server thread/WARN]: Mismatch in destroy block pos: hx{x=0, y=0, z=0} hx{x=9, y=106, z=1}
[13:23:21] [Server thread/WARN]: Mismatch in destroy block pos: hx{x=0, y=0, z=0} hx{x=13, y=106, z=2}
[13:23:21] [Server thread/WARN]: Mismatch in destroy block pos: hx{x=0, y=0, z=0} hx{x=12, y=106, z=3}
[13:23:32] [Server thread/WARN]: Mismatch in destroy block pos: hx{x=0, y=0, z=0} hx{x=30, y=95, z=49}
[13:23:32] [Server thread/WARN]: Mismatch in destroy block pos: hx{x=0, y=0, z=0} hx{x=31, y=94, z=53}
[13:23:41] [Server thread/WARN]: Mismatch in destroy block pos: hx{x=0, y=0, z=0} hx{x=30, y=87, z=71}
[13:23:53] [Server thread/WARN]: Mismatch in destroy block pos: hx{x=0, y=0, z=0} hx{x=30, y=86, z=88}
[13:23:53] [Server thread/WARN]: Mismatch in destroy block pos: hx{x=0, y=0, z=0} hx{x=33, y=86, z=91}
[13:23:53] [Server thread/WARN]: Mismatch in destroy block pos: hx{x=0, y=0, z=0} hx{x=32, y=86, z=91}
[13:23:53] [Server thread/WARN]: Mismatch in destroy block pos: hx{x=0, y=0, z=0} hx{x=32, y=86, z=91}
[13:23:55] [Server thread/WARN]: Mismatch in destroy block pos: hx{x=0, y=0, z=0} hx{x=34, y=87, z=93}
[13:23:55] [Server thread/WARN]: Mismatch in destroy block pos: hx{x=0, y=0, z=0} hx{x=34, y=87, z=94}
[13:23:55] [Server thread/INFO]: nate was slain by simo
[13:23:58] [Server thread/WARN]: Mismatch in destroy block pos: hx{x=0, y=0, z=0} hx{x=24, y=86, z=91}
[13:23:58] [Server thread/WARN]: Mismatch in destroy block pos: hx{x=0, y=0, z=0} hx{x=25, y=86, z=90}
[13:24:04] [Server thread/WARN]: Mismatch in destroy block pos: hx{x=0, y=0, z=0} hx{x=28, y=85, z=92}
[13:24:07] [Server thread/WARN]: nate moved too quickly! -31.539814776004,21.0,-102.4799682123596
[13:24:26] [Server thread/INFO]: simo was slain by Zombie
[13:24:29] [Server thread/WARN]: Mismatch in destroy block pos: hx{x=0, y=0, z=0} hx{x=-4, y=117, z=-3}
[13:24:29] [Server thread/WARN]: Mismatch in destroy block pos: hx{x=0, y=0, z=0} hx{x=-4, y=117, z=-3}
[13:24:29] [Server thread/WARN]: Mismatch in destroy block pos: hx{x=0, y=0, z=0} hx{x=-4, y=117, z=-3}
[13:24:29] [Server thread/WARN]: Mismatch in destroy block pos: hx{x=0, y=0, z=0} hx{x=-4, y=117, z=-3}
[13:24:29] [Server thread/WARN]: Mismatch in destroy block pos: hx{x=0, y=0, z=0} hx{x=-4, y=117, z=-3}
[13:24:29] [Server thread/WARN]: Mismatch in destroy block pos: hx{x=0, y=0, z=0} hx{x=-4, y=117, z=-3}
[13:24:29] [Server thread/WARN]: Mismatch in destroy block pos: hx{x=0, y=0, z=0} hx{x=-4, y=117, z=-3}
[13:24:29] [Server thread/WARN]: Mismatch in destroy block pos: hx{x=0, y=0, z=0} hx{x=-4, y=117, z=-3}
[13:24:29] [Server thread/WARN]: Mismatch in destroy block pos: hx{x=0, y=0, z=0} hx{x=-4, y=117, z=-3}
[13:24:30] [Server thread/WARN]: Mismatch in destroy block pos: hx{x=0, y=0, z=0} hx{x=-4, y=117, z=-3}
[13:24:30] [Server thread/WARN]: Mismatch in destroy block pos: hx{x=0, y=0, z=0} hx{x=-4, y=117, z=-3}
[13:24:30] [Server thread/WARN]: Mismatch in destroy block pos: hx{x=0, y=0, z=0} hx{x=-4, y=117, z=-3}
[13:24:30] [Server thread/WARN]: Mismatch in destroy block pos: hx{x=0, y=0, z=0} hx{x=-4, y=117, z=-3}
[13:24:30] [Server thread/WARN]: Mismatch in destroy block pos: hx{x=0, y=0, z=0} hx{x=-4, y=117, z=-3}
[13:24:30] [Server thread/WARN]: Mismatch in destroy block pos: hx{x=0, y=0, z=0} hx{x=-4, y=117, z=-3}
[13:24:30] [Server thread/WARN]: Mismatch in destroy block pos: hx{x=0, y=0, z=0} hx{x=-4, y=117, z=-3}
[13:24:30] [Server thread/WARN]: Mismatch in destroy block pos: hx{x=0, y=0, z=0} hx{x=-4, y=117, z=-3}
[13:24:34] [Server thread/INFO]: [Not Secure] <simo> jnope
[13:24:36] [Server thread/INFO]: [Not Secure] <simo> we cant
[13:24:37] [Server thread/INFO]: [Not Secure] <Samu> found a jungle island with a touch of dark oak
[13:24:42] [Server thread/INFO]: [Not Secure] <Samu> aint no way
[13:24:45] [Server thread/INFO]: [Not Secure] <nate> brin sino
[13:24:48] [Server thread/INFO]: [Not Secure] <simo> bro prolly has dimands
[13:24:52] [Server thread/INFO]: [Not Secure] <Samu> alright im gonna leave the server
[13:24:55] [Server thread/INFO]: [Not Secure] <simo> meanwhile we have nothing
[13:25:04] [Server thread/INFO]: [Not Secure] <Samu> use the normal 1.20.4 version
[13:25:07] [Server thread/INFO]: Samu lost connection: Disconnected
[13:25:07] [Server thread/INFO]: Samu left the game
[13:25:09] [Server thread/INFO]: simo lost connection: Disconnected
[13:25:09] [Server thread/INFO]: simo left the game
[13:25:19] [Server thread/INFO]: nate lost connection: Disconnected
[13:25:19] [Server thread/INFO]: nate left the game
[13:26:56] [Server thread/INFO]: Samu[/192.168.0.199:52557] logged in with entity id 9485 at (-519.6984804565711, 62.11076428890229, 332.1871800434823)
[13:26:56] [Server thread/INFO]: Samu joined the game
[13:26:57] [Server thread/INFO]: NATE[/192.168.0.16:55598] logged in with entity id 9489 at (7.5, 104.0, -4.5)
[13:26:57] [Server thread/INFO]: NATE joined the game
[13:27:08] [Server thread/INFO]: simo[/192.168.0.2:53060] logged in with entity id 10548 at (14.976346698924003, 106.0, 12.164574004486532)
[13:27:08] [Server thread/INFO]: simo joined the game
[13:27:09] [Server thread/WARN]: Mismatch in destroy block pos: hx{x=0, y=0, z=0} hx{x=7, y=103, z=-5}
[13:27:09] [Server thread/WARN]: Mismatch in destroy block pos: hx{x=0, y=0, z=0} hx{x=7, y=103, z=-5}
[13:27:09] [Server thread/WARN]: Mismatch in destroy block pos: hx{x=0, y=0, z=0} hx{x=7, y=103, z=-5}
[13:27:09] [Server thread/WARN]: Mismatch in destroy block pos: hx{x=0, y=0, z=0} hx{x=7, y=103, z=-5}
[13:27:09] [Server thread/WARN]: Mismatch in destroy block pos: hx{x=0, y=0, z=0} hx{x=7, y=103, z=-5}
[13:27:09] [Server thread/WARN]: Mismatch in destroy block pos: hx{x=0, y=0, z=0} hx{x=7, y=103, z=-5}
[13:27:09] [Server thread/WARN]: Mismatch in destroy block pos: hx{x=0, y=0, z=0} hx{x=7, y=103, z=-5}
[13:27:09] [Server thread/WARN]: Mismatch in destroy block pos: hx{x=0, y=0, z=0} hx{x=7, y=103, z=-5}
[13:27:09] [Server thread/WARN]: Mismatch in destroy block pos: hx{x=0, y=0, z=0} hx{x=7, y=103, z=-5}
[13:27:09] [Server thread/WARN]: Mismatch in destroy block pos: hx{x=0, y=0, z=0} hx{x=7, y=103, z=-5}
[13:27:09] [Server thread/WARN]: Mismatch in destroy block pos: hx{x=0, y=0, z=0} hx{x=7, y=103, z=-5}
[13:27:10] [Server thread/WARN]: Mismatch in destroy block pos: hx{x=0, y=0, z=0} hx{x=7, y=103, z=-5}
[13:27:10] [Server thread/WARN]: Mismatch in destroy block pos: hx{x=0, y=0, z=0} hx{x=7, y=103, z=-5}
[13:27:10] [Server thread/WARN]: Mismatch in destroy block pos: hx{x=0, y=0, z=0} hx{x=7, y=103, z=-5}
[13:27:10] [Server thread/WARN]: Mismatch in destroy block pos: hx{x=0, y=0, z=0} hx{x=7, y=103, z=-5}
[13:27:10] [Server thread/WARN]: Mismatch in destroy block pos: hx{x=0, y=0, z=0} hx{x=7, y=103, z=-5}
[13:27:10] [Server thread/WARN]: Mismatch in destroy block pos: hx{x=0, y=0, z=0} hx{x=7, y=103, z=-5}
[13:27:10] [Server thread/WARN]: Mismatch in destroy block pos: hx{x=0, y=0, z=0} hx{x=8, y=102, z=-5}
[13:27:10] [Server thread/WARN]: Mismatch in destroy block pos: hx{x=0, y=0, z=0} hx{x=8, y=103, z=-4}
[13:27:13] [Server thread/WARN]: Mismatch in destroy block pos: hx{x=0, y=0, z=0} hx{x=10, y=99, z=-10}
[13:27:13] [Server thread/WARN]: Mismatch in destroy block pos: hx{x=0, y=0, z=0} hx{x=10, y=99, z=-10}
[13:27:13] [Server thread/WARN]: Mismatch in destroy block pos: hx{x=0, y=0, z=0} hx{x=10, y=99, z=-10}
[13:27:13] [Server thread/WARN]: Mismatch in destroy block pos: hx{x=0, y=0, z=0} hx{x=10, y=99, z=-10}
[13:27:13] [Server thread/WARN]: Mismatch in destroy block pos: hx{x=0, y=0, z=0} hx{x=10, y=99, z=-10}
[13:27:13] [Server thread/WARN]: Mismatch in destroy block pos: hx{x=0, y=0, z=0} hx{x=10, y=99, z=-10}
[13:27:13] [Server thread/WARN]: Mismatch in destroy block pos: hx{x=0, y=0, z=0} hx{x=10, y=99, z=-10}
[13:27:13] [Server thread/WARN]: Mismatch in destroy block pos: hx{x=0, y=0, z=0} hx{x=10, y=99, z=-10}
[13:27:13] [Server thread/WARN]: Mismatch in destroy block pos: hx{x=0, y=0, z=0} hx{x=10, y=99, z=-10}
[13:27:13] [Server thread/WARN]: Mismatch in destroy block pos: hx{x=0, y=0, z=0} hx{x=10, y=99, z=-10}
[13:27:13] [Server thread/WARN]: Mismatch in destroy block pos: hx{x=0, y=0, z=0} hx{x=10, y=99, z=-10}
[13:27:14] [Server thread/WARN]: Mismatch in destroy block pos: hx{x=0, y=0, z=0} hx{x=10, y=99, z=-10}
[13:27:14] [Server thread/WARN]: Mismatch in destroy block pos: hx{x=0, y=0, z=0} hx{x=10, y=99, z=-10}
[13:27:14] [Server thread/WARN]: Mismatch in destroy block pos: hx{x=0, y=0, z=0} hx{x=10, y=99, z=-10}
[13:27:14] [Server thread/WARN]: Mismatch in destroy block pos: hx{x=0, y=0, z=0} hx{x=10, y=99, z=-10}
[13:27:22] [Server thread/INFO]: Samu has made the advancement [Ice Bucket Challenge]
[13:27:23] [Server thread/WARN]: Mismatch in destroy block pos: hx{x=0, y=0, z=0} hx{x=15, y=105, z=12}
[13:27:23] [Server thread/WARN]: Mismatch in destroy block pos: hx{x=0, y=0, z=0} hx{x=15, y=105, z=12}
[13:27:23] [Server thread/WARN]: Mismatch in destroy block pos: hx{x=0, y=0, z=0} hx{x=15, y=105, z=12}
[13:27:23] [Server thread/WARN]: Mismatch in destroy block pos: hx{x=0, y=0, z=0} hx{x=15, y=105, z=12}
[13:27:24] [Server thread/WARN]: Mismatch in destroy block pos: hx{x=0, y=0, z=0} hx{x=15, y=105, z=12}
[13:27:24] [Server thread/WARN]: Mismatch in destroy block pos: hx{x=0, y=0, z=0} hx{x=15, y=105, z=12}
[13:27:24] [Server thread/WARN]: Mismatch in destroy block pos: hx{x=0, y=0, z=0} hx{x=15, y=105, z=12}
[13:27:24] [Server thread/WARN]: Mismatch in destroy block pos: hx{x=0, y=0, z=0} hx{x=15, y=105, z=12}
[13:27:24] [Server thread/WARN]: Mismatch in destroy block pos: hx{x=0, y=0, z=0} hx{x=15, y=105, z=12}
[13:27:25] [Server thread/WARN]: Mismatch in destroy block pos: hx{x=0, y=0, z=0} hx{x=16, y=105, z=12}
[13:27:25] [Server thread/WARN]: Mismatch in destroy block pos: hx{x=0, y=0, z=0} hx{x=16, y=105, z=12}
[13:27:25] [Server thread/WARN]: Mismatch in destroy block pos: hx{x=0, y=0, z=0} hx{x=16, y=105, z=12}
[13:27:25] [Server thread/WARN]: Mismatch in destroy block pos: hx{x=0, y=0, z=0} hx{x=16, y=105, z=12}
[13:27:26] [Server thread/WARN]: Mismatch in destroy block pos: hx{x=0, y=0, z=0} hx{x=15, y=105, z=13}
[13:27:26] [Server thread/WARN]: Mismatch in destroy block pos: hx{x=0, y=0, z=0} hx{x=15, y=105, z=13}
[13:27:26] [Server thread/WARN]: Mismatch in destroy block pos: hx{x=0, y=0, z=0} hx{x=15, y=105, z=13}
[13:27:31] [Server thread/INFO]: [Not Secure] <simo> still no :(
[13:27:40] [Server thread/WARN]: Mismatch in destroy block pos: hx{x=0, y=0, z=0} hx{x=14, y=107, z=6}
[13:27:40] [Server thread/WARN]: Mismatch in destroy block pos: hx{x=0, y=0, z=0} hx{x=14, y=107, z=6}
[13:27:41] [Server thread/INFO]: [Not Secure] <Samu> what how
[13:27:41] [Server thread/WARN]: Mismatch in destroy block pos: hx{x=0, y=0, z=0} hx{x=11, y=106, z=9}
[13:27:41] [Server thread/INFO]: simo was slain by Zombie
[13:27:43] [Server thread/WARN]: simo moved too quickly! -9.400308754481097,7.0,-3.297826621516185
[13:27:43] [Server thread/WARN]: Mismatch in destroy block pos: hx{x=0, y=0, z=0} hx{x=11, y=106, z=8}
[13:27:43] [Server thread/WARN]: Mismatch in destroy block pos: hx{x=0, y=0, z=0} hx{x=11, y=106, z=8}
[13:27:43] [Server thread/WARN]: Mismatch in destroy block pos: hx{x=0, y=0, z=0} hx{x=11, y=106, z=9}
[13:27:44] [Server thread/WARN]: Mismatch in destroy block pos: hx{x=0, y=0, z=0} hx{x=11, y=106, z=9}
[13:27:45] [Server thread/WARN]: Mismatch in destroy block pos: hx{x=0, y=0, z=0} hx{x=11, y=106, z=8}
[13:27:46] [Server thread/WARN]: Mismatch in destroy block pos: hx{x=0, y=0, z=0} hx{x=11, y=106, z=8}
[13:27:47] [Server thread/INFO]: NATE was slain by Zombie
[13:27:48] [Server thread/WARN]: NATE moved too quickly! -13.800000011920929,12.0,-7.423506370205993
[13:27:48] [Server thread/WARN]: NATE moved too quickly! -13.800000011920929,12.0,-7.423506370205993
[13:27:51] [Server thread/INFO]: simo has made the advancement [Monster Hunter]
[13:28:06] [Server thread/WARN]: Mismatch in destroy block pos: hx{x=0, y=0, z=0} hx{x=16, y=92, z=52}
[13:28:06] [Server thread/WARN]: Mismatch in destroy block pos: hx{x=0, y=0, z=0} hx{x=15, y=92, z=51}
[13:28:06] [Server thread/WARN]: Mismatch in destroy block pos: hx{x=0, y=0, z=0} hx{x=15, y=92, z=50}
[13:28:13] [Server thread/INFO]: [Not Secure] <Samu> using the normal 1.20.4?
[13:28:13] [Server thread/WARN]: Mismatch in destroy block pos: hx{x=0, y=0, z=0} hx{x=14, y=92, z=50}
[13:28:13] [Server thread/WARN]: Mismatch in destroy block pos: hx{x=0, y=0, z=0} hx{x=13, y=92, z=50}
[13:28:14] [Server thread/WARN]: Mismatch in destroy block pos: hx{x=0, y=0, z=0} hx{x=11, y=91, z=51}
[13:28:16] [Server thread/WARN]: Mismatch in destroy block pos: hx{x=0, y=0, z=0} hx{x=8, y=89, z=53}
[13:28:17] [Server thread/INFO]: [Not Secure] <simo> yes
[13:28:17] [Server thread/WARN]: Mismatch in destroy block pos: hx{x=0, y=0, z=0} hx{x=9, y=88, z=56}
[13:28:21] [Server thread/WARN]: Mismatch in destroy block pos: hx{x=0, y=0, z=0} hx{x=11, y=90, z=52}
[13:28:21] [Server thread/WARN]: Mismatch in destroy block pos: hx{x=0, y=0, z=0} hx{x=11, y=90, z=52}
[13:28:23] [Server thread/WARN]: Mismatch in destroy block pos: hx{x=0, y=0, z=0} hx{x=10, y=92, z=49}
[13:28:24] [Server thread/WARN]: Mismatch in destroy block pos: hx{x=0, y=0, z=0} hx{x=10, y=92, z=49}
[13:28:24] [Server thread/INFO]: NATE has made the advancement [Monster Hunter]
[13:28:32] [Server thread/INFO]: simo was slain by Zombie
[13:28:33] [Server thread/WARN]: simo moved too quickly! -16.192190223129955,23.0,-45.67213216512904
[13:28:34] [Server thread/WARN]: Mismatch in destroy block pos: hx{x=0, y=0, z=0} hx{x=16, y=93, z=47}
[13:28:39] [Server thread/INFO]: NATE was slain by Zombie
[13:28:47] [Server thread/INFO]: simo was shot by Skeleton
[13:28:48] [Server thread/WARN]: simo moved too quickly! -25.974498281189888,4.0,6.902044146293269
[13:28:58] [Server thread/WARN]: Mismatch in destroy block pos: hx{x=0, y=0, z=0} hx{x=-20, y=116, z=-3}
[13:28:59] [Server thread/INFO]: [Not Secure] <Samu> alright moving to 1.21
[13:29:02] [Server thread/INFO]: Samu lost connection: Disconnected
[13:29:02] [Server thread/INFO]: Samu left the game
[13:29:07] [Server thread/WARN]: Mismatch in destroy block pos: hx{x=0, y=0, z=0} hx{x=-10, y=112, z=-9}
[13:29:07] [Server thread/WARN]: Mismatch in destroy block pos: hx{x=0, y=0, z=0} hx{x=-10, y=111, z=-8}
[13:29:07] [Server thread/WARN]: Mismatch in destroy block pos: hx{x=0, y=0, z=0} hx{x=-10, y=112, z=-9}
[13:29:07] [Server thread/WARN]: Mismatch in destroy block pos: hx{x=0, y=0, z=0} hx{x=-10, y=112, z=-9}
[13:29:07] [Server thread/INFO]: simo lost connection: Disconnected
[13:29:07] [Server thread/INFO]: simo left the game
[13:29:08] [Server thread/WARN]: Mismatch in destroy block pos: hx{x=0, y=0, z=0} hx{x=-9, y=113, z=-9}
[13:29:08] [Server thread/WARN]: Mismatch in destroy block pos: hx{x=0, y=0, z=0} hx{x=-9, y=113, z=-9}
[13:29:08] [Server thread/WARN]: Mismatch in destroy block pos: hx{x=0, y=0, z=0} hx{x=-9, y=113, z=-9}
[13:29:11] [Server thread/INFO]: NATE lost connection: Disconnected
[13:29:11] [Server thread/INFO]: NATE left the game
