[12:21:05] [main/WARN]: Ambiguity between arguments [teleport, destination] and [teleport, targets] with inputs: [Player, 0123, @e, dd12be42-52a9-4a91-a8a1-11c01849e498]
[12:21:05] [main/WARN]: Ambiguity between arguments [teleport, location] and [teleport, destination] with inputs: [0.1 -0.5 .9, 0 0 0]
[12:21:05] [main/WARN]: Ambiguity between arguments [teleport, location] and [teleport, targets] with inputs: [0.1 -0.5 .9, 0 0 0]
[12:21:05] [main/WARN]: Ambiguity between arguments [teleport, targets] and [teleport, destination] with inputs: [Player, 0123, dd12be42-52a9-4a91-a8a1-11c01849e498]
[12:21:05] [main/WARN]: Ambiguity between arguments [teleport, targets, location] and [teleport, targets, destination] with inputs: [0.1 -0.5 .9, 0 0 0]
[12:21:05] [Server thread/INFO]: Starting minecraft server version 1.15.2
[12:21:05] [Server thread/INFO]: Loading properties
[12:21:05] [Server thread/INFO]: Default game type: SURVIVAL
[12:21:05] [Server thread/INFO]: Generating keypair
[12:21:06] [Server thread/INFO]: Starting Minecraft server on *:25565
[12:21:06] [Server thread/INFO]: Using default channel type
[12:21:07] [Server thread/WARN]: **** SERVER IS RUNNING IN OFFLINE/INSECURE MODE!
[12:21:07] [Server thread/WARN]: The server will make no attempt to authenticate usernames. Beware.
[12:21:07] [Server thread/WARN]: While this makes the game possible to play without internet access, it also opens up the ability for hackers to connect with any username they choose.
[12:21:07] [Server thread/WARN]: To change this, set "online-mode" to "true" in the server.properties file.
[12:21:07] [Server thread/INFO]: Preparing level "world"
[12:21:07] [Server thread/INFO]: Reloading ResourceManager: Default
[12:21:08] [Server thread/INFO]: Loaded 6 recipes
[12:21:09] [Server thread/INFO]: Loaded 825 advancements
[12:21:09] [Server thread/INFO]: Preparing start region for dimension minecraft:overworld
[12:21:11] [Server thread/INFO]: Preparing spawn area: 0%
[12:21:11] [Server thread/INFO]: Preparing spawn area: 0%
[12:21:11] [Server thread/INFO]: Preparing spawn area: 0%
[12:21:12] [Server-Worker-6/INFO]: Preparing spawn area: 0%
[12:21:12] [Server-Worker-6/INFO]: Preparing spawn area: 0%
[12:21:12] [Server thread/INFO]: Preparing spawn area: 26%
[12:21:12] [Server thread/INFO]: Time elapsed: 2666 ms
[12:21:12] [Server thread/INFO]: Done (4.838s)! For help, type "help"
[12:22:00] [Server thread/INFO]: samu[/127.0.0.1:53166] logged in with entity id 325 at (-130.70062075491356, 67.0, 28.204323284485426)
[12:22:00] [Server thread/INFO]: samu joined the game
[12:33:41] [Server thread/INFO]: [samu: Gave 1 [Enchanted Book] to samu]
[12:36:14] [Server thread/WARN]: Can't keep up! Is the server overloaded? Running 2220ms or 44 ticks behind
[13:07:01] [Server thread/INFO]: samu has made the advancement [A Throwaway Joke]
[13:10:23] [Server thread/WARN]: samu moved wrongly!
[13:21:16] [Server thread/WARN]: Can't keep up! Is the server overloaded? Running 2060ms or 41 ticks behind
[13:59:31] [Server thread/INFO]: samu lost connection: Disconnected
[13:59:31] [Server thread/INFO]: samu left the game
[13:59:41] [Server thread/INFO]: Stopping the server
[13:59:41] [Server thread/INFO]: Stopping server
[13:59:41] [Server thread/INFO]: Saving players
[13:59:41] [Server thread/INFO]: Saving worlds
[13:59:41] [Server thread/INFO]: Saving chunks for level 'world'/minecraft:the_end
[13:59:41] [Server thread/INFO]: ThreadedAnvilChunkStorage (DIM1): All chunks are saved
[13:59:41] [Server thread/INFO]: Saving chunks for level 'world'/minecraft:overworld
[13:59:42] [Server thread/INFO]: ThreadedAnvilChunkStorage (world): All chunks are saved
[13:59:42] [Server thread/INFO]: Saving chunks for level 'world'/minecraft:the_nether
[13:59:42] [Server thread/INFO]: ThreadedAnvilChunkStorage (DIM-1): All chunks are saved
[13:59:42] [Server thread/INFO]: ThreadedAnvilChunkStorage (DIM1): All chunks are saved
[13:59:42] [Server thread/INFO]: ThreadedAnvilChunkStorage (world): All chunks are saved
[13:59:43] [Server thread/INFO]: ThreadedAnvilChunkStorage (DIM-1): All chunks are saved
