[19:41:49] [ServerMain/WARN]: Invalid registry value type detected for PerfOS counters. Should be REG_DWORD. Ignoring: HKEY_LOCAL_MACHINE\SYSTEM\CurrentControlSet\Services\PerfOS\Performance\Disable Performance Counters.
[19:41:54] [ServerMain/INFO]: Environment: authHost='https://authserver.mojang.com', accountsHost='https://api.mojang.com', sessionHost='https://sessionserver.mojang.com', servicesHost='https://api.minecraftservices.com', name='PROD'
[19:41:59] [ServerMain/INFO]: Loaded 7 recipes
[19:41:59] [ServerMain/INFO]: Loaded 1271 advancements
[19:41:59] [Server thread/INFO]: Starting minecraft server version 1.20.1
[19:41:59] [Server thread/INFO]: Loading properties
[19:41:59] [Server thread/INFO]: Default game type: SURVIVAL
[19:41:59] [Server thread/INFO]: Generating keypair
[19:42:00] [Server thread/INFO]: Starting Minecraft server on *:25565
[19:42:00] [Server thread/INFO]: Using default channel type
[19:42:00] [Server thread/WARN]: **** SERVER IS RUNNING IN OFFLINE/INSECURE MODE!
[19:42:00] [Server thread/WARN]: The server will make no attempt to authenticate usernames. Beware.
[19:42:00] [Server thread/WARN]: While this makes the game possible to play without internet access, it also opens up the ability for hackers to connect with any username they choose.
[19:42:00] [Server thread/WARN]: To change this, set "online-mode" to "true" in the server.properties file.
[19:42:00] [Server thread/INFO]: Preparing level "Minecrift"
[19:42:01] [Server thread/INFO]: Preparing start region for dimension minecraft:overworld
[19:42:02] [Worker-Main-15/INFO]: Preparing spawn area: 0%
[19:42:02] [Worker-Main-12/INFO]: Preparing spawn area: 0%
[19:42:02] [Worker-Main-12/INFO]: Preparing spawn area: 0%
[19:42:02] [Worker-Main-12/INFO]: Preparing spawn area: 0%
[19:42:03] [Worker-Main-11/INFO]: Preparing spawn area: 1%
[19:42:03] [Worker-Main-2/INFO]: Preparing spawn area: 3%
[19:42:04] [Worker-Main-14/INFO]: Preparing spawn area: 18%
[19:42:04] [Worker-Main-4/INFO]: Preparing spawn area: 52%
[19:42:05] [Worker-Main-6/INFO]: Preparing spawn area: 61%
[19:42:05] [Worker-Main-3/INFO]: Preparing spawn area: 76%
[19:42:06] [Server thread/INFO]: Time elapsed: 4974 ms
[19:42:06] [Server thread/INFO]: Done (5.864s)! For help, type "help"
[19:43:16] [Server thread/INFO]: simnomnom[/192.168.0.12:53124] logged in with entity id 86 at (-612.1611247593478, 98.0, 266.5590691848248)
[19:43:16] [Server thread/INFO]: simnomnom joined the game
[19:43:19] [Server thread/INFO]: Samuel[/127.0.0.1:50173] logged in with entity id 267 at (-415.1265796977242, 68.0, 222.5730438533303)
[19:43:19] [Server thread/INFO]: Samuel joined the game
[19:43:28] [Server thread/INFO]: Moth[/192.168.0.13:50615] logged in with entity id 526 at (-235.8172662446345, 67.0, 534.3961702637718)
[19:43:28] [Server thread/INFO]: Moth joined the game
[19:57:37] [Server thread/INFO]: simnomnom was slain by Phantom
[20:00:46] [Server thread/INFO]: Samuel has made the advancement [Best Friends Forever]
[20:05:27] [Server thread/INFO]: Samuel has made the advancement [Isn't It Iron Pick]
[20:10:47] [Server thread/INFO]: simnomnom has made the advancement [The Parrots and the Bats]
[20:13:18] [Server thread/INFO]: Samuel was blown up by Creeper
[20:19:39] [Server thread/INFO]: simnomnom was shot by Skeleton
[20:23:02] [Server thread/INFO]: Samuel has made the advancement [Take Aim]
[20:37:44] [Server thread/INFO]: Samuel has made the advancement [Suit Up]
[20:41:07] [Server thread/INFO]: Moth was shot by Skeleton
[20:55:28] [Server thread/INFO]: Moth has made the advancement [Take Aim]
[20:56:47] [Server thread/INFO]: Moth was slain by Drowned
[20:59:47] [Server thread/INFO]: simnomnom was shot by Skeleton
[21:07:51] [Server thread/INFO]: simnomnom has made the advancement [Take Aim]
[21:08:00] [Server thread/INFO]: simnomnom has made the advancement [Voluntary Exile]
[21:14:00] [Server thread/INFO]: Moth was impaled by Drowned
[21:15:32] [Server thread/INFO]: simnomnom was shot by Skeleton
[21:20:04] [Server thread/INFO]: Moth was shot by Skeleton
[21:31:41] [Server thread/INFO]: simnomnom lost connection: Disconnected
[21:31:41] [Server thread/INFO]: simnomnom left the game
[21:31:47] [Server thread/INFO]: Samuel lost connection: Disconnected
[21:31:47] [Server thread/INFO]: Samuel left the game
[21:31:59] [Server thread/INFO]: Unknown or incomplete command, see below for error
[21:31:59] [Server thread/INFO]: exit<--[HERE]
[21:32:19] [Server thread/INFO]: Moth lost connection: Disconnected
[21:32:19] [Server thread/INFO]: Moth left the game
[21:32:49] [Server thread/INFO]: Unknown or incomplete command, see below for error
[21:32:49] [Server thread/INFO]: stopstop<--[HERE]
[21:32:57] [Server thread/INFO]: Stopping the server
[21:32:57] [Server thread/INFO]: Stopping server
[21:32:57] [Server thread/INFO]: Saving players
[21:32:57] [Server thread/INFO]: Saving worlds
[21:32:57] [Server thread/INFO]: Saving chunks for level 'ServerLevel[Minecrift]'/minecraft:overworld
[21:32:57] [Server thread/INFO]: Saving chunks for level 'ServerLevel[Minecrift]'/minecraft:the_end
[21:32:57] [Server thread/INFO]: Saving chunks for level 'ServerLevel[Minecrift]'/minecraft:the_nether
[21:32:57] [Server thread/INFO]: ThreadedAnvilChunkStorage (Minecrift): All chunks are saved
[21:32:57] [Server thread/INFO]: ThreadedAnvilChunkStorage (DIM1): All chunks are saved
[21:32:57] [Server thread/INFO]: ThreadedAnvilChunkStorage (DIM-1): All chunks are saved
[21:32:57] [Server thread/INFO]: ThreadedAnvilChunkStorage: All dimensions are saved
