[19:53:46] [main/INFO]: Environment: authHost='https://authserver.mojang.com', accountsHost='https://api.mojang.com', sessionHost='https://sessionserver.mojang.com', servicesHost='https://api.minecraftservices.com', name='PROD'
[19:53:47] [main/WARN]: Ambiguity between arguments [teleport, destination] and [teleport, targets] with inputs: [Player, 0123, @e, dd12be42-52a9-4a91-a8a1-11c01849e498]
[19:53:47] [main/WARN]: Ambiguity between arguments [teleport, location] and [teleport, destination] with inputs: [0.1 -0.5 .9, 0 0 0]
[19:53:47] [main/WARN]: Ambiguity between arguments [teleport, location] and [teleport, targets] with inputs: [0.1 -0.5 .9, 0 0 0]
[19:53:47] [main/WARN]: Ambiguity between arguments [teleport, targets] and [teleport, destination] with inputs: [Player, 0123, dd12be42-52a9-4a91-a8a1-11c01849e498]
[19:53:47] [main/WARN]: Ambiguity between arguments [teleport, targets, location] and [teleport, targets, destination] with inputs: [0.1 -0.5 .9, 0 0 0]
[19:53:47] [main/INFO]: Reloading ResourceManager: Default
[19:53:50] [Worker-Main-2/INFO]: Loaded 7 recipes
[19:53:51] [Worker-Main-2/INFO]: Loaded 927 advancements
[19:53:59] [Server thread/INFO]: Starting minecraft server version 1.16.5
[19:53:59] [Server thread/INFO]: Loading properties
[19:53:59] [Server thread/INFO]: Default game type: SURVIVAL
[19:53:59] [Server thread/INFO]: Generating keypair
[19:53:59] [Server thread/INFO]: Starting Minecraft server on *:25565
[19:54:00] [Server thread/INFO]: Using epoll channel type
[19:54:00] [Server thread/WARN]: **** SERVER IS RUNNING IN OFFLINE/INSECURE MODE!
[19:54:00] [Server thread/WARN]: The server will make no attempt to authenticate usernames. Beware.
[19:54:00] [Server thread/WARN]: While this makes the game possible to play without internet access, it also opens up the ability for hackers to connect with any username they choose.
[19:54:00] [Server thread/WARN]: To change this, set "online-mode" to "true" in the server.properties file.
[19:54:00] [Server thread/INFO]: Preparing level "Minecrift"
[19:54:11] [Server thread/INFO]: Preparing start region for dimension minecraft:overworld
[19:54:11] [Worker-Main-2/INFO]: Preparing spawn area: 0%
[19:54:12] [Worker-Main-2/INFO]: Preparing spawn area: 0%
[19:54:12] [Worker-Main-2/INFO]: Preparing spawn area: 0%
[19:54:13] [Worker-Main-2/INFO]: Preparing spawn area: 0%
[19:54:13] [Worker-Main-2/INFO]: Preparing spawn area: 0%
[19:54:14] [Worker-Main-2/INFO]: Preparing spawn area: 0%
[19:54:14] [Worker-Main-2/INFO]: Preparing spawn area: 1%
[19:54:15] [Worker-Main-2/INFO]: Preparing spawn area: 1%
[19:54:15] [Worker-Main-2/INFO]: Preparing spawn area: 1%
[19:54:16] [Worker-Main-2/INFO]: Preparing spawn area: 2%
[19:54:16] [Worker-Main-2/INFO]: Preparing spawn area: 2%
[19:54:17] [Worker-Main-2/INFO]: Preparing spawn area: 3%
[19:54:17] [Worker-Main-2/INFO]: Preparing spawn area: 3%
[19:54:18] [Worker-Main-2/INFO]: Preparing spawn area: 3%
[19:54:18] [Worker-Main-2/INFO]: Preparing spawn area: 3%
[19:54:19] [Worker-Main-2/INFO]: Preparing spawn area: 3%
[19:54:19] [Worker-Main-2/INFO]: Preparing spawn area: 3%
[19:54:20] [Worker-Main-2/INFO]: Preparing spawn area: 3%
[19:54:20] [Worker-Main-2/INFO]: Preparing spawn area: 4%
[19:54:21] [Worker-Main-2/INFO]: Preparing spawn area: 4%
[19:54:21] [Worker-Main-2/INFO]: Preparing spawn area: 5%
[19:54:22] [Worker-Main-2/INFO]: Preparing spawn area: 6%
[19:54:22] [Worker-Main-2/INFO]: Preparing spawn area: 7%
[19:54:23] [Worker-Main-2/INFO]: Preparing spawn area: 8%
[19:54:23] [Worker-Main-2/INFO]: Preparing spawn area: 9%
[19:54:24] [Worker-Main-2/INFO]: Preparing spawn area: 9%
[19:54:24] [Worker-Main-2/INFO]: Preparing spawn area: 9%
[19:54:25] [Worker-Main-2/INFO]: Preparing spawn area: 10%
[19:54:25] [Worker-Main-2/INFO]: Preparing spawn area: 10%
[19:54:26] [Worker-Main-2/INFO]: Preparing spawn area: 10%
[19:54:26] [Worker-Main-2/INFO]: Preparing spawn area: 11%
[19:54:27] [Worker-Main-2/INFO]: Preparing spawn area: 12%
[19:54:27] [Worker-Main-2/INFO]: Preparing spawn area: 13%
[19:54:28] [Worker-Main-2/INFO]: Preparing spawn area: 13%
[19:54:28] [Worker-Main-2/INFO]: Preparing spawn area: 14%
[19:54:29] [Worker-Main-2/INFO]: Preparing spawn area: 15%
[19:54:29] [Worker-Main-2/INFO]: Preparing spawn area: 15%
[19:54:30] [Worker-Main-2/INFO]: Preparing spawn area: 16%
[19:54:30] [Worker-Main-2/INFO]: Preparing spawn area: 17%
[19:54:31] [Worker-Main-2/INFO]: Preparing spawn area: 17%
[19:54:31] [Worker-Main-2/INFO]: Preparing spawn area: 18%
[19:54:32] [Worker-Main-2/INFO]: Preparing spawn area: 18%
[19:54:32] [Worker-Main-2/INFO]: Preparing spawn area: 19%
[19:54:33] [Worker-Main-2/INFO]: Preparing spawn area: 20%
[19:54:33] [Worker-Main-2/INFO]: Preparing spawn area: 20%
[19:54:34] [Worker-Main-2/INFO]: Preparing spawn area: 21%
[19:54:34] [Worker-Main-2/INFO]: Preparing spawn area: 21%
[19:54:35] [Worker-Main-2/INFO]: Preparing spawn area: 22%
[19:54:35] [Worker-Main-2/INFO]: Preparing spawn area: 23%
[19:54:36] [Worker-Main-2/INFO]: Preparing spawn area: 24%
[19:54:36] [Worker-Main-2/INFO]: Preparing spawn area: 24%
[19:54:37] [Worker-Main-2/INFO]: Preparing spawn area: 26%
[19:54:37] [Worker-Main-2/INFO]: Preparing spawn area: 26%
[19:54:38] [Worker-Main-2/INFO]: Preparing spawn area: 27%
[19:54:38] [Worker-Main-2/INFO]: Preparing spawn area: 27%
[19:54:39] [Worker-Main-2/INFO]: Preparing spawn area: 27%
[19:54:39] [Worker-Main-2/INFO]: Preparing spawn area: 28%
[19:54:40] [Worker-Main-2/INFO]: Preparing spawn area: 28%
[19:54:40] [Worker-Main-2/INFO]: Preparing spawn area: 30%
[19:54:41] [Worker-Main-2/INFO]: Preparing spawn area: 30%
[19:54:41] [Worker-Main-2/INFO]: Preparing spawn area: 31%
[19:54:42] [Worker-Main-2/INFO]: Preparing spawn area: 32%
[19:54:42] [Worker-Main-2/INFO]: Preparing spawn area: 33%
[19:54:43] [Worker-Main-2/INFO]: Preparing spawn area: 34%
[19:54:43] [Worker-Main-2/INFO]: Preparing spawn area: 34%
[19:54:44] [Worker-Main-2/INFO]: Preparing spawn area: 34%
[19:54:44] [Worker-Main-2/INFO]: Preparing spawn area: 34%
[19:54:45] [Worker-Main-2/INFO]: Preparing spawn area: 34%
[19:54:45] [Worker-Main-2/INFO]: Preparing spawn area: 34%
[19:54:46] [Worker-Main-2/INFO]: Preparing spawn area: 35%
[19:54:46] [Worker-Main-2/INFO]: Preparing spawn area: 36%
[19:54:47] [Worker-Main-2/INFO]: Preparing spawn area: 36%
[19:54:47] [Worker-Main-2/INFO]: Preparing spawn area: 37%
[19:54:48] [Worker-Main-2/INFO]: Preparing spawn area: 38%
[19:54:48] [Worker-Main-2/INFO]: Preparing spawn area: 40%
[19:54:49] [Worker-Main-2/INFO]: Preparing spawn area: 41%
[19:54:49] [Worker-Main-2/INFO]: Preparing spawn area: 42%
[19:54:50] [Worker-Main-2/INFO]: Preparing spawn area: 42%
[19:54:50] [Worker-Main-2/INFO]: Preparing spawn area: 42%
[19:54:51] [Worker-Main-2/INFO]: Preparing spawn area: 42%
[19:54:51] [Worker-Main-2/INFO]: Preparing spawn area: 43%
[19:54:52] [Worker-Main-2/INFO]: Preparing spawn area: 43%
[19:54:52] [Worker-Main-2/INFO]: Preparing spawn area: 44%
[19:54:53] [Worker-Main-2/INFO]: Preparing spawn area: 45%
[19:54:53] [Worker-Main-2/INFO]: Preparing spawn area: 47%
[19:54:54] [Worker-Main-2/INFO]: Preparing spawn area: 48%
[19:54:54] [Worker-Main-2/INFO]: Preparing spawn area: 49%
[19:54:55] [Worker-Main-2/INFO]: Preparing spawn area: 50%
[19:54:55] [Worker-Main-2/INFO]: Preparing spawn area: 50%
[19:54:56] [Worker-Main-2/INFO]: Preparing spawn area: 51%
[19:54:56] [Worker-Main-2/INFO]: Preparing spawn area: 51%
[19:54:57] [Worker-Main-2/INFO]: Preparing spawn area: 52%
[19:54:57] [Worker-Main-2/INFO]: Preparing spawn area: 52%
[19:54:58] [Worker-Main-2/INFO]: Preparing spawn area: 53%
[19:54:58] [Worker-Main-2/INFO]: Preparing spawn area: 54%
[19:54:59] [Worker-Main-2/INFO]: Preparing spawn area: 55%
[19:54:59] [Worker-Main-2/INFO]: Preparing spawn area: 56%
[19:55:00] [Worker-Main-2/INFO]: Preparing spawn area: 57%
[19:55:00] [Worker-Main-2/INFO]: Preparing spawn area: 58%
[19:55:01] [Worker-Main-2/INFO]: Preparing spawn area: 59%
[19:55:01] [Worker-Main-2/INFO]: Preparing spawn area: 59%
[19:55:02] [Worker-Main-2/INFO]: Preparing spawn area: 59%
[19:55:02] [Worker-Main-2/INFO]: Preparing spawn area: 60%
[19:55:03] [Worker-Main-2/INFO]: Preparing spawn area: 61%
[19:55:03] [Worker-Main-2/INFO]: Preparing spawn area: 61%
[19:55:04] [Worker-Main-2/INFO]: Preparing spawn area: 62%
[19:55:04] [Worker-Main-2/INFO]: Preparing spawn area: 64%
[19:55:05] [Worker-Main-2/INFO]: Preparing spawn area: 65%
[19:55:05] [Worker-Main-2/INFO]: Preparing spawn area: 66%
[19:55:06] [Worker-Main-2/INFO]: Preparing spawn area: 67%
[19:55:06] [Worker-Main-2/INFO]: Preparing spawn area: 68%
[19:55:07] [Worker-Main-2/INFO]: Preparing spawn area: 68%
[19:55:07] [Worker-Main-2/INFO]: Preparing spawn area: 69%
[19:55:08] [Worker-Main-2/INFO]: Preparing spawn area: 69%
[19:55:08] [Worker-Main-2/INFO]: Preparing spawn area: 70%
[19:55:09] [Worker-Main-2/INFO]: Preparing spawn area: 70%
[19:55:09] [Worker-Main-2/INFO]: Preparing spawn area: 71%
[19:55:10] [Worker-Main-2/INFO]: Preparing spawn area: 72%
[19:55:10] [Worker-Main-2/INFO]: Preparing spawn area: 73%
[19:55:11] [Worker-Main-2/INFO]: Preparing spawn area: 74%
[19:55:11] [Worker-Main-2/INFO]: Preparing spawn area: 75%
[19:55:12] [Worker-Main-2/INFO]: Preparing spawn area: 76%
[19:55:12] [Worker-Main-2/INFO]: Preparing spawn area: 77%
[19:55:13] [Worker-Main-2/INFO]: Preparing spawn area: 78%
[19:55:13] [Worker-Main-2/INFO]: Preparing spawn area: 79%
[19:55:14] [Worker-Main-2/INFO]: Preparing spawn area: 79%
[19:55:14] [Worker-Main-2/INFO]: Preparing spawn area: 80%
[19:55:15] [Worker-Main-2/INFO]: Preparing spawn area: 80%
[19:55:15] [Worker-Main-2/INFO]: Preparing spawn area: 81%
[19:55:16] [Worker-Main-2/INFO]: Preparing spawn area: 82%
[19:55:16] [Worker-Main-2/INFO]: Preparing spawn area: 83%
[19:55:17] [Worker-Main-2/INFO]: Preparing spawn area: 83%
[19:55:17] [Worker-Main-2/INFO]: Preparing spawn area: 84%
[19:55:18] [Worker-Main-2/INFO]: Preparing spawn area: 86%
[19:55:18] [Worker-Main-2/INFO]: Preparing spawn area: 87%
[19:55:19] [Worker-Main-2/INFO]: Preparing spawn area: 88%
[19:55:19] [Worker-Main-2/INFO]: Preparing spawn area: 90%
[19:55:20] [Worker-Main-2/INFO]: Preparing spawn area: 90%
[19:55:20] [Worker-Main-2/INFO]: Preparing spawn area: 90%
[19:55:21] [Worker-Main-2/INFO]: Preparing spawn area: 90%
[19:55:21] [Worker-Main-2/INFO]: Preparing spawn area: 91%
[19:55:22] [Worker-Main-2/INFO]: Preparing spawn area: 92%
[19:55:22] [Worker-Main-2/INFO]: Preparing spawn area: 94%
[19:55:23] [Worker-Main-2/INFO]: Preparing spawn area: 96%
[19:55:23] [Worker-Main-2/INFO]: Preparing spawn area: 98%
[19:55:24] [Worker-Main-2/INFO]: Preparing spawn area: 99%
[19:55:24] [Server thread/INFO]: Time elapsed: 72599 ms
[19:55:24] [Server thread/INFO]: Done (83.751s)! For help, type "help"
[19:55:26] [Server thread/WARN]: Can't keep up! Is the server overloaded? Running 2031ms or 40 ticks behind
[20:02:49] [Server thread/INFO]: Moth[/192.168.0.7:51266] logged in with entity id 282 at (-7.5, 67.0, -94.5)
[20:02:49] [Server thread/INFO]: Moth joined the game
[20:02:53] [Server thread/WARN]: Can't keep up! Is the server overloaded? Running 2016ms or 40 ticks behind
[20:04:59] [Server thread/INFO]: smolpp[/192.168.0.4:54655] logged in with entity id 796 at (-6.5, 66.0, -101.5)
[20:04:59] [Server thread/INFO]: smolpp joined the game
[20:06:08] [Server thread/WARN]: Can't keep up! Is the server overloaded? Running 2028ms or 40 ticks behind
[20:10:03] [Server thread/INFO]: Moth has made the advancement [Stone Age]
[20:10:10] [Server thread/INFO]: smolpp has made the advancement [Monster Hunter]
[20:10:39] [Server thread/INFO]: smolpp was slain by Zombie
[20:12:34] [Server thread/INFO]: Moth has made the advancement [Getting an Upgrade]
[20:13:32] [Server thread/INFO]: Moth has made the advancement [Monster Hunter]
[20:14:24] [Server thread/WARN]: Can't keep up! Is the server overloaded? Running 2016ms or 40 ticks behind
[20:14:35] [Server thread/INFO]: Moth was blown up by Creeper
[20:15:33] [Server thread/WARN]: Moth moved too quickly! 10.212095320108624,-1.2491870787446828,-0.16629682427031867
[20:16:02] [Server thread/INFO]: Moth was slain by Zombie
[20:16:11] [Server thread/INFO]: smolpp hit the ground too hard
[20:16:32] [Server thread/INFO]: smolpp has made the advancement [Getting an Upgrade]
[20:17:29] [Server thread/INFO]: smolpp has made the advancement [Stone Age]
[20:20:39] [Server thread/WARN]: Can't keep up! Is the server overloaded? Running 2039ms or 40 ticks behind
[20:20:57] [Server thread/WARN]: Can't keep up! Is the server overloaded? Running 2523ms or 50 ticks behind
[20:21:20] [Server thread/WARN]: Can't keep up! Is the server overloaded? Running 8624ms or 172 ticks behind
[20:24:39] [Server thread/INFO]: smolpp has made the advancement [The Parrots and the Bats]
[20:25:47] [Server thread/WARN]: Can't keep up! Is the server overloaded? Running 2287ms or 45 ticks behind
[20:27:28] [Server thread/WARN]: Can't keep up! Is the server overloaded? Running 2097ms or 41 ticks behind
[20:27:55] [Server thread/WARN]: Can't keep up! Is the server overloaded? Running 12056ms or 241 ticks behind
[20:28:09] [Server thread/INFO]: smolpp has made the advancement [Acquire Hardware]
[20:28:13] [Server thread/WARN]: Can't keep up! Is the server overloaded? Running 3059ms or 61 ticks behind
[20:29:41] [Server thread/INFO]: Moth has made the advancement [Acquire Hardware]
[20:31:06] [Server thread/WARN]: Can't keep up! Is the server overloaded? Running 2082ms or 41 ticks behind
[20:31:07] [Server thread/INFO]: Moth has made the advancement [Isn't It Iron Pick]
[20:31:49] [Server thread/INFO]: smolpp has made the advancement [A Seedy Place]
[20:32:06] [Server thread/INFO]: smolpp has made the advancement [Not Today, Thank You]
[20:32:33] [Server thread/INFO]: Moth has made the advancement [A Seedy Place]
[20:32:40] [Server thread/INFO]: smolpp has made the advancement [Isn't It Iron Pick]
[20:35:25] [Server thread/INFO]: smolpp was slain by Zombie
[20:37:48] [Server thread/INFO]: Moth has made the advancement [Not Today, Thank You]
[20:49:57] [Server thread/INFO]: Moth lost connection: Disconnected
[20:49:58] [Server thread/INFO]: Moth left the game
[20:49:59] [Server thread/INFO]: smolpp lost connection: Disconnected
[20:49:59] [Server thread/INFO]: smolpp left the game
[20:53:16] [Server thread/INFO]: samuel[/192.168.0.9:52266] logged in with entity id 9640 at (-8.5, 67.0, -92.5)
[20:53:16] [Server thread/INFO]: samuel joined the game
[20:55:27] [Server thread/INFO]: samuel was shot by Skeleton
[20:56:25] [Server thread/INFO]: samuel has made the advancement [Monster Hunter]
[20:56:40] [Server thread/INFO]: Moth[/192.168.0.7:51363] logged in with entity id 10035 at (-53.64049512991166, 63.0, -33.21974727004695)
[20:56:40] [Server thread/INFO]: Moth joined the game
[20:57:05] [Server thread/INFO]: samuel has made the advancement [Stone Age]
[20:57:21] [Server thread/INFO]: samuel was shot by Skeleton
[20:58:22] [Server thread/INFO]: smolpp[/192.168.0.4:54789] logged in with entity id 10364 at (-27.801124320627594, 64.0, -71.55991905061485)
[20:58:22] [Server thread/INFO]: smolpp joined the game
[20:58:51] [Server thread/INFO]: samuel tried to swim in lava
[21:00:58] [Server thread/INFO]: samuel went up in flames
[21:02:06] [Server thread/INFO]: samuel has made the advancement [Getting an Upgrade]
[21:02:13] [Server thread/INFO]: samuel has made the advancement [Acquire Hardware]
[21:02:36] [Server thread/INFO]: samuel has made the advancement [Isn't It Iron Pick]
[21:02:42] [Server thread/WARN]: Fetching packet for removed entity bcv['Air'/11158, l='ServerLevel[Minecrift]', x=7.50, y=63.00, z=-84.50]
[21:02:42] [Server thread/WARN]: Fetching packet for removed entity bcv['Air'/11158, l='ServerLevel[Minecrift]', x=7.50, y=63.00, z=-84.50]
[21:02:42] [Server thread/WARN]: Fetching packet for removed entity bcv['Air'/11158, l='ServerLevel[Minecrift]', x=7.50, y=63.00, z=-84.50]
[21:02:45] [Server thread/WARN]: Fetching packet for removed entity bcv['Air'/11210, l='ServerLevel[Minecrift]', x=7.50, y=63.00, z=-84.50]
[21:02:45] [Server thread/WARN]: Fetching packet for removed entity bcv['Air'/11210, l='ServerLevel[Minecrift]', x=7.50, y=63.00, z=-84.50]
[21:02:45] [Server thread/WARN]: Fetching packet for removed entity bcv['Air'/11210, l='ServerLevel[Minecrift]', x=7.50, y=63.00, z=-84.50]
[21:02:47] [Server thread/WARN]: Fetching packet for removed entity bcv['Air'/11248, l='ServerLevel[Minecrift]', x=7.50, y=63.00, z=-84.50]
[21:02:47] [Server thread/WARN]: Fetching packet for removed entity bcv['Air'/11248, l='ServerLevel[Minecrift]', x=7.50, y=63.00, z=-84.50]
[21:02:47] [Server thread/WARN]: Fetching packet for removed entity bcv['Air'/11248, l='ServerLevel[Minecrift]', x=7.50, y=63.00, z=-84.50]
[21:06:11] [Server thread/WARN]: Can't keep up! Is the server overloaded? Running 2016ms or 40 ticks behind
[21:10:50] [Server thread/INFO]: samuel lost connection: Disconnected
[21:10:50] [Server thread/INFO]: samuel left the game
[21:12:46] [Server thread/INFO]: samuel[/192.168.0.9:52404] logged in with entity id 13191 at (-24.641900280248695, 66.0, -71.17931652911055)
[21:12:46] [Server thread/INFO]: samuel joined the game
[21:13:34] [Server thread/INFO]: Moth was shot by Skeleton
[21:13:36] [Server thread/INFO]: smolpp was shot by Skeleton
[21:28:20] [Server thread/INFO]: samuel has made the advancement [A Seedy Place]
[21:28:40] [Server thread/INFO]: smolpp was blown up by Creeper
[21:30:01] [Server thread/INFO]: samuel has made the advancement [Not Today, Thank You]
[21:31:03] [Server thread/WARN]: Fetching packet for removed entity bcv['Gray Wool'/16664, l='ServerLevel[Minecrift]', x=-10.25, y=68.00, z=-87.68]
[21:34:58] [Server thread/INFO]: smolpp was shot by Skeleton
[21:35:41] [Server thread/INFO]: Moth has made the advancement [The Parrots and the Bats]
[21:41:28] [Server thread/INFO]: samuel lost connection: Disconnected
[21:41:28] [Server thread/INFO]: samuel left the game
[21:43:12] [Server thread/INFO]: smolpp has made the advancement [Hot Stuff]
[21:47:55] [Server thread/INFO]: Moth has made the advancement [Take Aim]
[21:48:53] [Server thread/INFO]: smolpp has made the advancement [Take Aim]
[21:50:35] [Server thread/INFO]: smolpp was shot by Skeleton
[21:52:01] [Server thread/INFO]: smolpp has made the advancement [Sweet Dreams]
[21:52:02] [Server thread/INFO]: Moth has made the advancement [Sweet Dreams]
[21:56:10] [Server thread/WARN]: smolpp moved too quickly! -7.761169466172248,-0.5764407054569602,6.539684623750929
[21:56:13] [Server thread/WARN]: Can't keep up! Is the server overloaded? Running 2045ms or 40 ticks behind
[21:56:32] [Server thread/WARN]: Can't keep up! Is the server overloaded? Running 4708ms or 94 ticks behind
[21:56:54] [Server thread/WARN]: Can't keep up! Is the server overloaded? Running 7070ms or 141 ticks behind
[21:57:01] [Server thread/INFO]: smolpp has made the advancement [Ice Bucket Challenge]
[21:57:14] [Server thread/WARN]: Can't keep up! Is the server overloaded? Running 4677ms or 93 ticks behind
[21:58:51] [Server thread/WARN]: Can't keep up! Is the server overloaded? Running 2006ms or 40 ticks behind
[21:59:08] [Server thread/WARN]: Can't keep up! Is the server overloaded? Running 2306ms or 46 ticks behind
[21:59:33] [Server thread/WARN]: Can't keep up! Is the server overloaded? Running 9817ms or 196 ticks behind
[22:00:18] [Server thread/WARN]: Can't keep up! Is the server overloaded? Running 2021ms or 40 ticks behind
[22:00:36] [Server thread/WARN]: Can't keep up! Is the server overloaded? Running 2960ms or 59 ticks behind
[22:00:55] [Server thread/WARN]: Can't keep up! Is the server overloaded? Running 3702ms or 74 ticks behind
[22:01:12] [Server thread/WARN]: Can't keep up! Is the server overloaded? Running 2072ms or 41 ticks behind
[22:01:46] [Server thread/WARN]: Can't keep up! Is the server overloaded? Running 2011ms or 40 ticks behind
[22:01:59] [Server thread/WARN]: smolpp moved too quickly! -5.5751266195209155,-0.7255030388504906,-8.474581856617533
[22:02:09] [Server thread/WARN]: smolpp moved too quickly! -3.3570835222793107,1.5177355047266445,-9.462461644225243
[22:02:15] [Server thread/WARN]: Can't keep up! Is the server overloaded? Running 13301ms or 266 ticks behind
[22:02:33] [Server thread/WARN]: Can't keep up! Is the server overloaded? Running 3391ms or 67 ticks behind
[22:03:03] [Server thread/WARN]: Can't keep up! Is the server overloaded? Running 15071ms or 301 ticks behind
[22:03:27] [Server thread/WARN]: Can't keep up! Is the server overloaded? Running 9265ms or 185 ticks behind
[22:03:48] [Server thread/WARN]: Can't keep up! Is the server overloaded? Running 5091ms or 101 ticks behind
[22:07:28] [Server thread/INFO]: Moth was blown up by Creeper
[22:13:42] [Server thread/INFO]: smolpp lost connection: Disconnected
[22:13:42] [Server thread/INFO]: smolpp left the game
[22:14:11] [Server thread/INFO]: Moth has made the advancement [Tactical Fishing]
[22:14:16] [Server thread/INFO]: samuel[/192.168.0.9:58907] logged in with entity id 25479 at (-15.433815706897132, 69.5, -90.00272406611128)
[22:14:16] [Server thread/INFO]: samuel joined the game
[22:14:44] [Server thread/INFO]: <Moth> simon left
[22:14:57] [Server thread/INFO]: <Moth> cuze bord
[22:17:50] [Server thread/INFO]: <samuel> did simon fuck off?
[22:17:57] [Server thread/INFO]: <Moth> yah]
[22:18:16] [Server thread/INFO]: <samuel> op samue
[22:18:58] [Server thread/INFO]: Moth lost connection: Disconnected
[22:18:58] [Server thread/INFO]: Moth left the game
[22:22:38] [Server thread/INFO]: samuel lost connection: Disconnected
[22:22:38] [Server thread/INFO]: samuel left the game
[22:30:32] [Server thread/INFO]: Stopping server
[22:30:33] [Server thread/INFO]: Saving players
[22:30:33] [Server thread/INFO]: Saving worlds
[22:30:33] [Server thread/INFO]: Saving chunks for level 'ServerLevel[Minecrift]'/minecraft:overworld
[22:30:57] [Server thread/INFO]: ThreadedAnvilChunkStorage (Minecrift): All chunks are saved
[22:30:57] [Server thread/INFO]: Saving chunks for level 'ServerLevel[Minecrift]'/minecraft:the_nether
[22:30:57] [Server thread/INFO]: ThreadedAnvilChunkStorage (DIM-1): All chunks are saved
[22:30:57] [Server thread/INFO]: Saving chunks for level 'ServerLevel[Minecrift]'/minecraft:the_end
[22:30:57] [Server thread/INFO]: ThreadedAnvilChunkStorage (DIM1): All chunks are saved
[22:30:58] [Server thread/INFO]: ThreadedAnvilChunkStorage (Minecrift): All chunks are saved
[22:31:02] [Server thread/INFO]: ThreadedAnvilChunkStorage (DIM-1): All chunks are saved
[22:31:02] [Server thread/INFO]: ThreadedAnvilChunkStorage (DIM1): All chunks are saved
