[21:34:22] [ServerMain/WARN]: Invalid registry value type detected for PerfOS counters. Should be REG_DWORD. Ignoring: HKEY_LOCAL_MACHINE\SYSTEM\CurrentControlSet\Services\PerfOS\Performance\Disable Performance Counters.
[21:34:26] [ServerMain/INFO]: Environment: Environment[sessionHost=https://sessionserver.mojang.com, servicesHost=https://api.minecraftservices.com, name=PROD]
[21:34:28] [ServerMain/INFO]: Loaded 7 recipes
[21:34:28] [ServerMain/INFO]: Loaded 1271 advancements
[21:34:29] [Server thread/INFO]: Starting minecraft server version 1.20.4
[21:34:29] [Server thread/INFO]: Loading properties
[21:34:29] [Server thread/INFO]: Default game type: SURVIVAL
[21:34:29] [Server thread/INFO]: Generating keypair
[21:34:29] [Server thread/INFO]: Starting Minecraft server on *:25565
[21:34:29] [Server thread/INFO]: Using default channel type
[21:34:29] [Server thread/WARN]: **** SERVER IS RUNNING IN OFFLINE/INSECURE MODE!
[21:34:29] [Server thread/WARN]: The server will make no attempt to authenticate usernames. Beware.
[21:34:29] [Server thread/WARN]: While this makes the game possible to play without internet access, it also opens up the ability for hackers to connect with any username they choose.
[21:34:29] [Server thread/WARN]: To change this, set "online-mode" to "true" in the server.properties file.
[21:34:29] [Server thread/INFO]: Preparing level "Minecrift"
[21:34:30] [Server thread/INFO]: Preparing start region for dimension minecraft:overworld
[21:34:33] [Worker-Main-14/INFO]: Preparing spawn area: 0%
[21:34:33] [Worker-Main-3/INFO]: Preparing spawn area: 0%
[21:34:33] [Worker-Main-3/INFO]: Preparing spawn area: 0%
[21:34:33] [Worker-Main-7/INFO]: Preparing spawn area: 0%
[21:34:33] [Worker-Main-4/INFO]: Preparing spawn area: 0%
[21:34:33] [Worker-Main-7/INFO]: Preparing spawn area: 0%
[21:34:33] [Worker-Main-13/INFO]: Preparing spawn area: 0%
[21:34:34] [Worker-Main-15/INFO]: Preparing spawn area: 59%
[21:34:34] [Server thread/INFO]: Time elapsed: 3736 ms
[21:34:34] [Server thread/INFO]: Done (4.762s)! For help, type "help"
[21:40:59] [Server thread/INFO]: Moth[/192.168.0.11:52311] logged in with entity id 270 at (96.67221132093421, 23.0, 15.067229916332261)
[21:40:59] [Server thread/INFO]: Moth joined the game
[21:41:09] [Server thread/INFO]: simnomnom[/192.168.0.9:54955] logged in with entity id 608 at (-4.5, 107.0, -1.5)
[21:41:09] [Server thread/INFO]: simnomnom joined the game
[21:45:32] [Server thread/INFO]: simnomnom has made the advancement [Stone Age]
[21:47:04] [Server thread/INFO]: simnomnom has made the advancement [Getting an Upgrade]
[21:52:41] [Server thread/INFO]: simnomnom has made the advancement [Acquire Hardware]
[21:54:13] [Server thread/INFO]: simnomnom has made the advancement [Not Today, Thank You]
[21:54:28] [Server thread/INFO]: Moth was shot by Skeleton
[21:54:29] [Server thread/WARN]: Moth moved too quickly! 54.031888587044755,19.0,-180.69742585156752
[21:54:33] [Server thread/INFO]: simnomnom has made the advancement [Monster Hunter]
[21:56:00] [Server thread/INFO]: Samuel[/127.0.0.1:56927] logged in with entity id 4586 at (1231.3094500709565, 77.0, 14.998689475364104)
[21:56:00] [Server thread/INFO]: Samuel joined the game
[21:56:54] [Server thread/INFO]: simnomnom has made the advancement [Suit Up]
[21:57:00] [Server thread/INFO]: Moth has made the advancement [Suit Up]
[22:01:26] [Server thread/INFO]: Moth has made the advancement [Hot Stuff]
[22:08:03] [Server thread/WARN]: Moth moved too quickly! 7.805450011993514,2.8338907390617862,-5.984134377479709
[22:11:42] [Server thread/INFO]: simnomnom has made the advancement [A Seedy Place]
[22:13:03] [Server thread/INFO]: Samuel has made the advancement [Suit Up]
[22:13:30] [Server thread/INFO]: Moth has made the advancement [Take Aim]
[22:20:48] [Server thread/INFO]: Samuel has made the advancement [Not Today, Thank You]
[22:33:08] [Server thread/INFO]: simnomnom has made the advancement [The Parrots and the Bats]
[22:34:13] [Server thread/INFO]: simnomnom was shot by Skeleton
[22:34:18] [Server thread/WARN]: simnomnom moved too quickly! -22.830642590976424,36.77136234796836,-133.8671912754791
[22:38:38] [Server thread/INFO]: Samuel has made the advancement [Take Aim]
[22:52:56] [Server thread/INFO]: simnomnom has made the advancement [Sweet Dreams]
[22:57:11] [Server thread/INFO]: simnomnom was slain by Zombie
[22:57:13] [Server thread/WARN]: simnomnom moved too quickly! -9.235767218879733,33.0,-70.44653421376474
[22:57:13] [Server thread/WARN]: simnomnom moved too quickly! -9.235767218879733,33.0,-70.44653421376474
[22:58:15] [Server thread/INFO]: simnomnom was slain by Zombie
[22:59:15] [Server thread/INFO]: Samuel lost connection: Disconnected
[22:59:15] [Server thread/INFO]: Samuel left the game
[22:59:25] [Server thread/INFO]: simnomnom lost connection: Disconnected
[22:59:25] [Server thread/INFO]: simnomnom left the game
[22:59:25] [Server thread/INFO]: Moth lost connection: Disconnected
[22:59:25] [Server thread/INFO]: Moth left the game
[22:59:27] [Server thread/INFO]: Unknown or incomplete command, see below for error
[22:59:27] [Server thread/INFO]: +stop<--[HERE]
[22:59:30] [Server thread/INFO]: Unknown or incomplete command, see below for error
[22:59:30] [Server thread/INFO]: exit<--[HERE]
[22:59:35] [Server thread/INFO]: Stopping the server
[22:59:36] [Server thread/INFO]: Stopping server
[22:59:36] [Server thread/INFO]: Saving players
[22:59:36] [Server thread/INFO]: Saving worlds
[22:59:36] [Server thread/INFO]: Saving chunks for level 'ServerLevel[Minecrift]'/minecraft:overworld
[22:59:36] [Server thread/INFO]: Saving chunks for level 'ServerLevel[Minecrift]'/minecraft:the_end
[22:59:36] [Server thread/INFO]: Saving chunks for level 'ServerLevel[Minecrift]'/minecraft:the_nether
[22:59:36] [Server thread/INFO]: ThreadedAnvilChunkStorage (Minecrift): All chunks are saved
[22:59:36] [Server thread/INFO]: ThreadedAnvilChunkStorage (DIM1): All chunks are saved
[22:59:36] [Server thread/INFO]: ThreadedAnvilChunkStorage (DIM-1): All chunks are saved
[22:59:36] [Server thread/INFO]: ThreadedAnvilChunkStorage: All dimensions are saved
