[12:50:20] [ServerMain/INFO]: Building unoptimized datafixer
[12:50:22] [ServerMain/INFO]: Environment: authHost='https://authserver.mojang.com', accountsHost='https://api.mojang.com', sessionHost='https://sessionserver.mojang.com', servicesHost='https://api.minecraftservices.com', name='PROD'
[12:50:26] [ServerMain/INFO]: Loaded 7 recipes
[12:50:27] [ServerMain/INFO]: Loaded 1179 advancements
[12:50:29] [ServerMain/WARN]: Failed to parse level-type default, defaulting to minecraft:normal
[12:50:29] [Server thread/INFO]: Starting minecraft server version 1.19
[12:50:29] [Server thread/INFO]: Loading properties
[12:50:29] [Server thread/INFO]: Default game type: SURVIVAL
[12:50:29] [Server thread/INFO]: Generating keypair
[12:50:29] [Server thread/INFO]: Starting Minecraft server on *:25565
[12:50:29] [Server thread/INFO]: Using epoll channel type
[12:50:30] [Server thread/WARN]: **** SERVER IS RUNNING IN OFFLINE/INSECURE MODE!
[12:50:30] [Server thread/WARN]: The server will make no attempt to authenticate usernames. Beware.
[12:50:30] [Server thread/WARN]: While this makes the game possible to play without internet access, it also opens up the ability for hackers to connect with any username they choose.
[12:50:30] [Server thread/WARN]: To change this, set "online-mode" to "true" in the server.properties file.
[12:50:30] [Server thread/INFO]: Preparing level "world"
[12:50:30] [Server thread/INFO]: Preparing start region for dimension minecraft:overworld
[12:50:39] [Worker-Main-2/INFO]: Preparing spawn area: 0%
[12:50:39] [Worker-Main-1/INFO]: Preparing spawn area: 0%
[12:50:39] [Worker-Main-1/INFO]: Preparing spawn area: 0%
[12:50:39] [Worker-Main-2/INFO]: Preparing spawn area: 0%
[12:50:39] [Worker-Main-2/INFO]: Preparing spawn area: 0%
[12:50:39] [Worker-Main-1/INFO]: Preparing spawn area: 0%
[12:50:39] [Worker-Main-2/INFO]: Preparing spawn area: 0%
[12:50:39] [Worker-Main-2/INFO]: Preparing spawn area: 0%
[12:50:39] [Worker-Main-1/INFO]: Preparing spawn area: 0%
[12:50:39] [Worker-Main-2/INFO]: Preparing spawn area: 0%
[12:50:39] [Worker-Main-1/INFO]: Preparing spawn area: 0%
[12:50:39] [Worker-Main-1/INFO]: Preparing spawn area: 0%
[12:50:39] [Worker-Main-1/INFO]: Preparing spawn area: 0%
[12:50:39] [Worker-Main-2/INFO]: Preparing spawn area: 0%
[12:50:39] [Worker-Main-1/INFO]: Preparing spawn area: 0%
[12:50:39] [Worker-Main-2/INFO]: Preparing spawn area: 0%
[12:50:39] [Worker-Main-1/INFO]: Preparing spawn area: 0%
[12:50:40] [Worker-Main-2/INFO]: Preparing spawn area: 0%
[12:50:40] [Worker-Main-1/INFO]: Preparing spawn area: 0%
[12:50:40] [Worker-Main-1/INFO]: Preparing spawn area: 0%
[12:50:40] [Worker-Main-1/INFO]: Preparing spawn area: 0%
[12:50:41] [Worker-Main-1/INFO]: Preparing spawn area: 0%
[12:50:41] [Worker-Main-1/INFO]: Preparing spawn area: 1%
[12:50:42] [Worker-Main-2/INFO]: Preparing spawn area: 6%
[12:50:42] [Worker-Main-1/INFO]: Preparing spawn area: 27%
[12:50:43] [Worker-Main-1/INFO]: Preparing spawn area: 42%
[12:50:43] [Worker-Main-2/INFO]: Preparing spawn area: 50%
[12:50:44] [Worker-Main-1/INFO]: Preparing spawn area: 71%
[12:50:44] [Worker-Main-1/INFO]: Preparing spawn area: 88%
[12:50:45] [Server thread/INFO]: Time elapsed: 14400 ms
[12:50:45] [Server thread/INFO]: Done (14.983s)! For help, type "help"
[13:05:00] [Server thread/INFO]: samuel[/192.168.0.24:58348] logged in with entity id 337 at (21.029712210941447, 58.0, -14.785699219465556)
[13:05:00] [Server thread/INFO]: samuel joined the game
[14:23:50] [Server thread/INFO]: samuel lost connection: Disconnected
[14:23:50] [Server thread/INFO]: samuel left the game
[14:23:59] [Server thread/INFO]: Stopping the server
[14:23:59] [Server thread/INFO]: Stopping server
[14:23:59] [Server thread/INFO]: Saving players
[14:23:59] [Server thread/INFO]: Saving worlds
[14:24:02] [Server thread/INFO]: Saving chunks for level 'ServerLevel[world]'/minecraft:overworld
[14:24:03] [Server thread/INFO]: Saving chunks for level 'ServerLevel[world]'/minecraft:the_nether
[14:24:03] [Server thread/INFO]: Saving chunks for level 'ServerLevel[world]'/minecraft:the_end
[14:24:03] [Server thread/INFO]: ThreadedAnvilChunkStorage (world): All chunks are saved
[14:24:03] [Server thread/INFO]: ThreadedAnvilChunkStorage (DIM-1): All chunks are saved
[14:24:03] [Server thread/INFO]: ThreadedAnvilChunkStorage (DIM1): All chunks are saved
[14:24:03] [Server thread/INFO]: ThreadedAnvilChunkStorage: All dimensions are saved
