[15:21:33] [ServerMain/INFO]: Environment: Environment[sessionHost=https://sessionserver.mojang.com, servicesHost=https://api.minecraftservices.com, name=PROD]
[15:21:34] [ServerMain/INFO]: No existing world data, creating new world
[15:21:34] [ServerMain/WARN]: Failed to parse level-type default, defaulting to minecraft:normal
[15:21:35] [ServerMain/INFO]: Loaded 1290 recipes
[15:21:36] [ServerMain/INFO]: Loaded 1399 advancements
[15:21:36] [Server thread/INFO]: Starting minecraft server version 1.21
[15:21:36] [Server thread/INFO]: Loading properties
[15:21:36] [Server thread/INFO]: Default game type: SURVIVAL
[15:21:36] [Server thread/INFO]: Generating keypair
[15:21:36] [Server thread/INFO]: Starting Minecraft server on *:25565
[15:21:37] [Server thread/INFO]: Using epoll channel type
[15:21:37] [Server thread/WARN]: **** SERVER IS RUNNING IN OFFLINE/INSECURE MODE!
[15:21:37] [Server thread/WARN]: The server will make no attempt to authenticate usernames. Beware.
[15:21:37] [Server thread/WARN]: While this makes the game possible to play without internet access, it also opens up the ability for hackers to connect with any username they choose.
[15:21:37] [Server thread/WARN]: To change this, set "online-mode" to "true" in the server.properties file.
[15:21:37] [Server thread/INFO]: Preparing level "Minecrift"
[15:21:48] [Server thread/INFO]: Preparing start region for dimension minecraft:overworld
[15:21:48] [Worker-Main-2/INFO]: Preparing spawn area: 2%
[15:21:49] [Worker-Main-2/INFO]: Preparing spawn area: 2%
[15:21:49] [Worker-Main-3/INFO]: Preparing spawn area: 2%
[15:21:50] [Worker-Main-2/INFO]: Preparing spawn area: 2%
[15:21:50] [Worker-Main-3/INFO]: Preparing spawn area: 2%
[15:21:51] [Worker-Main-3/INFO]: Preparing spawn area: 2%
[15:21:51] [Worker-Main-3/INFO]: Preparing spawn area: 2%
[15:21:52] [Worker-Main-3/INFO]: Preparing spawn area: 18%
[15:21:52] [Worker-Main-2/INFO]: Preparing spawn area: 18%
[15:21:53] [Worker-Main-3/INFO]: Preparing spawn area: 18%
[15:21:53] [Worker-Main-3/INFO]: Preparing spawn area: 18%
[15:21:54] [Worker-Main-1/INFO]: Preparing spawn area: 18%
[15:21:54] [Worker-Main-1/INFO]: Preparing spawn area: 18%
[15:21:55] [Worker-Main-2/INFO]: Preparing spawn area: 18%
[15:21:55] [Worker-Main-3/INFO]: Preparing spawn area: 22%
[15:21:56] [Worker-Main-3/INFO]: Preparing spawn area: 51%
[15:21:56] [Worker-Main-1/INFO]: Preparing spawn area: 51%
[15:21:57] [Worker-Main-3/INFO]: Preparing spawn area: 51%
[15:21:57] [Worker-Main-3/INFO]: Preparing spawn area: 51%
[15:21:58] [Worker-Main-3/INFO]: Preparing spawn area: 51%
[15:21:58] [Worker-Main-2/INFO]: Preparing spawn area: 51%
[15:21:59] [Worker-Main-2/INFO]: Preparing spawn area: 51%
[15:21:59] [Server thread/INFO]: Time elapsed: 10811 ms
[15:21:59] [Server thread/INFO]: Done (22.245s)! For help, type "help"
[15:23:47] [Server thread/INFO]: Samue[/192.168.0.200:50205] logged in with entity id 19 at (4.5, 69.0, 8.5)
[15:23:47] [Server thread/INFO]: Samue joined the game
[15:23:54] [Server thread/WARN]: Can't keep up! Is the server overloaded? Running 2232ms or 44 ticks behind
[15:24:55] [Server thread/INFO]: Samue has made the advancement [Stone Age]
[15:25:32] [Server thread/INFO]: Samue has made the advancement [Getting an Upgrade]
[15:26:36] [Server thread/INFO]: simo[/192.168.0.17:56881] logged in with entity id 1456 at (-5.5, 66.0, 6.5)
[15:26:36] [Server thread/INFO]: simo joined the game
[15:28:12] [Server thread/INFO]: simo has made the advancement [Stone Age]
[15:30:15] [Server thread/INFO]: simo has made the advancement [Monster Hunter]
[15:31:11] [Server thread/INFO]: Moth[/192.168.0.21:50403] logged in with entity id 3500 at (5.5, 70.0, -0.5)
[15:31:11] [Server thread/INFO]: Moth joined the game
[15:32:03] [Server thread/INFO]: simo has made the advancement [Getting an Upgrade]
[15:33:44] [Server thread/INFO]: Moth has made the advancement [Stone Age]
[15:41:36] [Server thread/INFO]: Samue has made the advancement [Diamonds!]
[15:41:41] [Server thread/INFO]: Samue has made the advancement [Acquire Hardware]
[15:43:35] [Server thread/INFO]: Samue has made the advancement [Monster Hunter]
[15:44:24] [Server thread/INFO]: Moth has made the advancement [Monster Hunter]
[15:46:07] [Server thread/INFO]: Moth was shot by Skeleton
[15:46:15] [Server thread/INFO]: simo was shot by Skeleton
[15:48:00] [Server thread/INFO]: simo has made the advancement [Acquire Hardware]
[15:48:42] [Server thread/INFO]: simo has made the advancement [Not Today, Thank You]
[15:50:32] [Server thread/INFO]: Moth has made the advancement [Getting an Upgrade]
[15:51:08] [Server thread/INFO]: simo has made the advancement [Isn't It Iron Pick]
[15:51:22] [Server thread/INFO]: simo was slain by Zombie
[15:51:24] [Server thread/WARN]: simo moved too quickly! 41.19999998807907,43.0,-44.99445905336944
[15:52:52] [Server thread/INFO]: [Not Secure] <Samue> DO YOU NEED HELLLLP RETREIVING YOUR STUFFFF
[15:52:56] [Server thread/INFO]: [Not Secure] <simo> no
[15:53:29] [Server thread/INFO]: Moth has made the advancement [Not Today, Thank You]
[15:55:59] [Server thread/INFO]: Moth has made the advancement [Acquire Hardware]
[15:59:11] [Server thread/INFO]: Samue has made the advancement [Not Today, Thank You]
[16:00:10] [Server thread/INFO]: simo was shot by Skeleton
[16:03:41] [Server thread/INFO]: Samue has made the advancement [Suit Up]
[16:04:17] [Server thread/INFO]: Samue has made the advancement [Isn't It Iron Pick]
[16:09:43] [Server thread/INFO]: Samue lost connection: Disconnected
[16:09:43] [Server thread/INFO]: Samue left the game
[16:12:29] [Server thread/INFO]: [Not Secure] <simo> ruin portale
[16:12:50] [Server thread/INFO]: simo has made the advancement [Ice Bucket Challenge]
[16:18:37] [Server thread/INFO]: simo was impaled by Drowned
[16:18:42] [Server thread/WARN]: simo moved too quickly! 132.1080741529875,-20.0,479.2792272804043
[16:18:42] [Server thread/WARN]: simo moved too quickly! 132.1080741529875,-20.0,479.2792272804043
[16:18:42] [Server thread/WARN]: simo moved too quickly! 132.1080741529875,-20.0,479.2792272804043
[16:20:24] [Server thread/INFO]: Samue[/192.168.0.200:50381] logged in with entity id 19670 at (-32.67078305531569, 47.0, -0.9775383514137009)
[16:20:24] [Server thread/INFO]: Samue joined the game
[16:22:09] [Server thread/INFO]: simo was shot by Skeleton
[16:26:58] [Server thread/INFO]: Samue has made the advancement [A Seedy Place]
[16:31:53] [Server thread/INFO]: Moth has made the advancement [Isn't It Iron Pick]
[16:39:08] [Server thread/INFO]: simo was blown up by Creeper
[16:39:11] [Server thread/WARN]: simo moved too quickly! 65.61787872776078,76.0,-55.19999998807907
[16:39:11] [Server thread/WARN]: simo moved too quickly! 65.61787872776078,76.0,-55.19999998807907
[16:39:55] [Server thread/INFO]: simo was shot by Skeleton
[16:39:57] [Server thread/WARN]: simo moved too quickly! 71.80000001192093,73.0,-50.80000001192093
[16:40:52] [Server thread/INFO]: simo was shot by Skeleton
[16:40:56] [Server thread/WARN]: simo moved too quickly! 60.9252620181429,77.0,-54.959499264037746
[16:43:19] [Server thread/INFO]: Samue has made the advancement [Hot Stuff]
[16:43:37] [Server thread/INFO]: Samue was burned to a crisp while fighting Skeleton
[16:43:37] [Server thread/INFO]: simo has made the advancement [Take Aim]
[16:43:40] [Server thread/WARN]: Samue moved too quickly! 69.80000001192093,89.0,-51.09272257317321
[16:43:44] [Server thread/INFO]: simo was shot by Skeleton
[16:43:45] [Server thread/WARN]: simo moved too quickly! 72.21124227588099,115.0,-64.19999998807907
[16:54:48] [Server thread/INFO]: simo has made the advancement [A Seedy Place]
[16:55:31] [Server thread/INFO]: [Not Secure] <Samue> build house or explore mansion?
[16:55:44] [Server thread/INFO]: [Not Secure] <simo> mansion will kill us
[16:57:18] [Server thread/INFO]: simo hit the ground too hard while trying to escape Zombie
[16:58:10] [Server thread/INFO]: simo was slain by Zombie
[16:58:11] [Server thread/WARN]: simo moved too quickly! 51.80000001192093,34.0,-44.92940863176143
[16:58:11] [Server thread/WARN]: simo moved too quickly! 51.80000001192093,34.0,-44.92940863176143
[16:58:11] [Server thread/WARN]: simo moved too quickly! 51.80000001192093,34.0,-44.92940863176143
[17:00:16] [Server thread/INFO]: Samue has made the advancement [The Parrots and the Bats]
[17:03:00] [Server thread/INFO]: Moth has made the advancement [Hot Stuff]
[17:05:55] [Server thread/INFO]: simo lost connection: Disconnected
[17:05:55] [Server thread/INFO]: simo left the game
[17:08:32] [Server thread/INFO]: Samue has made the advancement [Ice Bucket Challenge]
[17:10:47] [Server thread/INFO]: simo[/192.168.0.17:58717] logged in with entity id 35467 at (-57.30000001192093, 7.0, 48.51802573175167)
[17:10:47] [Server thread/INFO]: simo joined the game
[17:12:06] [Server thread/INFO]: simo has made the advancement [Suit Up]
[17:13:42] [Server thread/INFO]: Moth has made the advancement [A Seedy Place]
[17:30:36] [Server thread/INFO]: [Not Secure] <Moth> Sam where ARE YOU!!!1
[17:30:42] [Server thread/INFO]: [Not Secure] <Samue> by the fARM
[17:30:45] [Server thread/INFO]: [Not Secure] <Samue> DFASRMING
[17:30:52] [Server thread/INFO]: [Not Secure] <simo> not our farm
[17:31:06] [Server thread/INFO]: [Not Secure] <Samue> BREEDING tortels
[17:32:12] [Server thread/INFO]: [Not Secure] <simo> follow me or youll get left behind
[17:32:17] [Server thread/INFO]: [Not Secure] <simo> leaving in 3
[17:32:19] [Server thread/INFO]: [Not Secure] <simo> 2
[17:32:21] [Server thread/INFO]: [Not Secure] <Samue> yall move too fast
[17:32:22] [Server thread/INFO]: [Not Secure] <simo> 1
[17:32:22] [Server thread/INFO]: [Not Secure] <Moth> 1
[17:32:32] [Server thread/INFO]: [Not Secure] <simo> gay cum
[17:32:42] [Server thread/INFO]: [Not Secure] <Moth> HORSE SEMEN
[17:32:45] [Server thread/INFO]: [Not Secure] <Moth> `
[17:33:04] [Server thread/INFO]: [Not Secure] <Samue> we need goals
[17:33:45] [Server thread/INFO]: [Not Secure] <simo> skeletons
[17:33:48] [Server thread/INFO]: [Not Secure] <simo> not worth
[17:34:10] [Server thread/WARN]: Birch Boat (vehicle of Samue) moved wrongly! 0.5551358767561894
[17:36:13] [Server thread/INFO]: Moth has made the advancement [Take Aim]
[17:40:32] [Server thread/INFO]: [Not Secure] <simo> were going to die
[17:40:50] [Server thread/INFO]: [Not Secure] <simo> i literally have saturation mushroom stew
[17:41:10] [Server thread/INFO]: [Not Secure] <simo> mangroove
[17:41:48] [Server thread/INFO]: [Not Secure] <simo> opposite direction of the mansion
[17:41:54] [Server thread/INFO]: [Not Secure] <simo> almost directly opposite
[17:42:19] [Server thread/INFO]: [Not Secure] <simo> different flowers
[17:42:26] [Server thread/INFO]: [Not Secure] <simo> poppy gives night vis
[17:42:31] [Server thread/INFO]: [Not Secure] <simo> dandelion gives sauration
[17:44:02] [Server thread/INFO]: Moth has made the advancement [Fishy Business]
[17:47:13] [Server thread/INFO]: [Not Secure] <simo> y
[17:47:17] [Server thread/INFO]: [Not Secure] <simo> yes
[17:47:18] [Server thread/INFO]: [Not Secure] <Moth> Y
[17:47:24] [Server thread/INFO]: [Not Secure] <Moth> Y
[17:47:31] [Server thread/INFO]: [Not Secure] <Moth> Y
[17:48:39] [Server thread/INFO]: Samue has made the advancement [We Need to Go Deeper]
[17:48:42] [Server thread/WARN]: simo moved too quickly! -4.776594966290276,0.41999998688697815,9.437589253750218
[17:48:42] [Server thread/WARN]: Can't keep up! Is the server overloaded? Running 6127ms or 122 ticks behind
[17:52:00] [Server thread/INFO]: Samue has made the advancement [Enchanter]
[17:52:53] [Server thread/INFO]: simo has made the advancement [Fishy Business]
[17:53:25] [Server thread/INFO]: Moth has made the advancement [We Need to Go Deeper]
[17:54:07] [Server thread/INFO]: Moth has made the advancement [Sweet Dreams]
[17:54:10] [Server thread/INFO]: Samue has made the advancement [Sweet Dreams]
[17:54:26] [Server thread/INFO]: Moth has made the advancement [Enchanter]
[18:02:24] [Server thread/INFO]: Samue lost connection: Disconnected
[18:02:24] [Server thread/INFO]: Samue left the game
[18:10:41] [Server thread/INFO]: [Not Secure] <simo> what happend
[18:10:42] [Server thread/INFO]: Samue[/192.168.0.200:50524] logged in with entity id 57955 at (41.3906417441116, 66.0, -17.822915857789468)
[18:10:42] [Server thread/INFO]: Samue joined the game
[18:11:01] [Server thread/INFO]: [Not Secure] <Moth> skeleton horse riders
[18:11:05] [Server thread/INFO]: [Not Secure] <Moth> plural
[18:11:09] [Server thread/INFO]: Samue has made the advancement [Fishy Business]
[18:12:10] [Server thread/INFO]: [Not Secure] <simo> this thing has no life
[18:13:40] [Server thread/INFO]: simo has made the advancement [Best Friends Forever]
[18:17:18] [Server thread/INFO]: Samue was shot by Skeleton
[18:18:46] [Server thread/INFO]: simo has made the advancement [Enchanter]
[18:19:10] [Server thread/INFO]: Moth has made the advancement [The Parrots and the Bats]
[18:19:54] [Server thread/INFO]: simo has made the advancement [The Parrots and the Bats]
[18:21:02] [Server thread/INFO]: simo was blown up by Creeper
[18:21:04] [Server thread/WARN]: simo moved too quickly! 9.579873667990196,-1.0,68.20896696120926
[18:26:31] [Server thread/INFO]: [Not Secure] <simo> where are all the cow
[18:40:10] [Server thread/INFO]: [Not Secure] <simo> iron to crat teh anvil
[18:40:14] [Server thread/INFO]: [Not Secure] <simo> braindead moment
[18:48:17] [Server thread/INFO]: simo lost connection: Disconnected
[18:48:17] [Server thread/INFO]: simo left the game
[18:51:42] [Server thread/INFO]: Gave 1 [Trident] to Moth
[18:52:06] [Server thread/INFO]: Expected whitespace to end one argument, but found trailing data
[18:52:06] [Server thread/INFO]: give @samu minecraft:trident 1<--[HERE]
[18:52:18] [Server thread/INFO]: Expected whitespace to end one argument, but found trailing data
[18:52:18] [Server thread/INFO]: give @samue minecraft:trident 1<--[HERE]
[18:52:34] [Server thread/INFO]: Expected whitespace to end one argument, but found trailing data
[18:52:34] [Server thread/INFO]: give @samue minecraft:trident 1 <--[HERE]
[19:05:06] [Server thread/INFO]: simo[/192.168.0.17:60296] logged in with entity id 92963 at (-22.127933751903274, 52.0, 3.303073235756801)
[19:05:06] [Server thread/INFO]: simo joined the game
[19:06:46] [Server thread/INFO]: [Not Secure] <simo> i see one egg
[19:06:56] [Server thread/INFO]: [Not Secure] <simo> well 2 eggs in one clump
[19:06:57] [Server thread/INFO]: [Not Secure] <simo> no
[19:07:00] [Server thread/INFO]: [Not Secure] <simo> also no turtles at all
[19:07:04] [Server thread/INFO]: [Not Secure] <simo> just one egg block
[19:07:30] [Server thread/INFO]: [Not Secure] <simo> idk which one ur talking abut
[19:07:44] [Server thread/INFO]: [Not Secure] <simo> IDK WHERE THE BIG ONE IS
[19:11:54] [Server thread/INFO]: [Not Secure] <Samue> LOLO
[19:17:42] [Server thread/INFO]: simo was slain by Zombie
[19:17:45] [Server thread/WARN]: simo moved too quickly! -28.97603477502112,2.827511637249991,-12.310220056301644
[19:24:23] [Server thread/INFO]: Moth has made the advancement [Suit Up]
[19:26:42] [Server thread/INFO]: [Not Secure] <simo> SICK
[19:27:48] [Server thread/INFO]: Moth has made the advancement [Diamonds!]
[19:29:32] [Server thread/INFO]: [Not Secure] <simo> recipe book nigger
[19:29:41] [Server thread/INFO]: [Not Secure] <simo> smooth stone
[19:29:51] [Server thread/INFO]: [Not Secure] <simo> put it in the furnace again sam
[19:30:01] [Server thread/INFO]: [Not Secure] <simo> seth watch his face
[19:30:12] [Server thread/INFO]: [Not Secure] <simo> did it work
[19:30:17] [Server thread/INFO]: [Not Secure] <simo> i think you need slabs
[19:30:21] [Server thread/INFO]: [Not Secure] <simo> so turn them into slabs
[19:30:24] [Server thread/INFO]: [Not Secure] <simo> check first tho
[19:30:38] [Server thread/INFO]: [Not Secure] <simo> LOL
[19:30:41] [Server thread/INFO]: [Not Secure] <simo> its stone stone
[19:30:46] [Server thread/INFO]: [Not Secure] <simo> stone stone slab
[19:30:50] [Server thread/INFO]: [Not Secure] <simo> so cook 3 cobble
[19:30:55] [Server thread/INFO]: [Not Secure] <simo> and turn them into a slab
[19:33:51] [Server thread/INFO]: [Not Secure] <simo> im not home
[19:35:32] [Server thread/INFO]: Samue has made the advancement [A Throwaway Joke]
[19:43:13] [Server thread/INFO]: [Not Secure] <simo> AB WHA
[19:43:22] [Server thread/INFO]: [Not Secure] <simo> stork
[19:43:43] [Server thread/INFO]: [Not Secure] <simo> trident drowned died in sun
[19:49:36] [Server thread/INFO]: [Not Secure] <simo> 4 logs 1 furnace
[19:51:14] [Server thread/WARN]: Mismatch in destroy block pos: jd{x=138, y=48, z=-14} jd{x=139, y=47, z=-15}
[19:51:14] [Server thread/WARN]: Mismatch in destroy block pos: jd{x=138, y=48, z=-14} jd{x=139, y=47, z=-15}
[19:51:14] [Server thread/WARN]: Mismatch in destroy block pos: jd{x=138, y=48, z=-14} jd{x=139, y=47, z=-15}
[19:51:14] [Server thread/WARN]: Mismatch in destroy block pos: jd{x=138, y=48, z=-14} jd{x=139, y=47, z=-15}
[19:51:16] [Server thread/WARN]: Mismatch in destroy block pos: jd{x=137, y=48, z=-13} jd{x=138, y=47, z=-11}
[19:51:16] [Server thread/WARN]: Mismatch in destroy block pos: jd{x=137, y=48, z=-13} jd{x=138, y=47, z=-11}
[19:52:11] [Server thread/INFO]: [Not Secure] <simo> sure
[19:52:21] [Server thread/INFO]: [Not Secure] <simo> ill just burn the sword
[19:52:39] [Server thread/INFO]: [Not Secure] <simo> im in the haus
[19:52:51] [Server thread/INFO]: [Not Secure] <simo> glow berry
[19:52:54] [Server thread/INFO]: [Not Secure] <simo> lush cave
[19:55:17] [Server thread/INFO]: [Not Secure] <simo> fuse the 2 power ii bows
[19:55:25] [Server thread/INFO]: [Not Secure] <simo> greedy slut
[19:55:33] [Server thread/INFO]: [Not Secure] <simo> here
[20:03:16] [Server thread/INFO]: simo lost connection: Disconnected
[20:03:16] [Server thread/INFO]: simo left the game
[20:13:03] [Server thread/INFO]: Moth lost connection: Disconnected
[20:13:03] [Server thread/INFO]: Moth left the game
[20:14:01] [Server thread/INFO]: Samue has made the advancement [Take Aim]
[20:49:40] [Server thread/INFO]: Samue lost connection: Disconnected
[20:49:40] [Server thread/INFO]: Samue left the game
[21:04:25] [Server thread/INFO]: Samue[/192.168.0.200:50733] logged in with entity id 133020 at (-29.714718001135907, 52.0, 3.508332707193164)
[21:04:25] [Server thread/INFO]: Samue joined the game
[21:18:44] [Server thread/INFO]: Samue was blown up by Creeper
[21:18:45] [Server thread/WARN]: Samue moved too quickly! -29.80000001192093,-18.0,-69.22325160938624
[21:18:45] [Server thread/WARN]: Samue moved too quickly! -29.80000001192093,-18.0,-69.22325160938624
[22:16:53] [Server thread/INFO]: Samue has made the advancement [Best Friends Forever]
[22:45:30] [Server thread/INFO]: Samue lost connection: Disconnected
[22:45:30] [Server thread/INFO]: Samue left the game
[22:45:37] [Server thread/INFO]: Unknown or incomplete command, see below for error
[22:45:37] [Server thread/INFO]: STOP<--[HERE]
[22:45:40] [Server thread/INFO]: Stopping the server
[22:45:40] [Server thread/INFO]: Stopping server
[22:45:40] [Server thread/INFO]: Saving players
[22:45:40] [Server thread/INFO]: Saving worlds
[22:45:40] [Server thread/INFO]: Saving chunks for level 'ServerLevel[Minecrift]'/minecraft:overworld
[22:45:42] [Server thread/INFO]: Saving chunks for level 'ServerLevel[Minecrift]'/minecraft:the_nether
[22:45:42] [Server thread/INFO]: Saving chunks for level 'ServerLevel[Minecrift]'/minecraft:the_end
[22:45:42] [Server thread/INFO]: ThreadedAnvilChunkStorage (Minecrift): All chunks are saved
[22:45:42] [Server thread/INFO]: ThreadedAnvilChunkStorage (DIM-1): All chunks are saved
[22:45:42] [Server thread/INFO]: ThreadedAnvilChunkStorage (DIM1): All chunks are saved
[22:45:42] [Server thread/INFO]: ThreadedAnvilChunkStorage: All dimensions are saved
